{"/workspaces/cards/eslint.config.js": {"path":"/workspaces/cards/eslint.config.js","statementMap":{"0":{"start":{"line":2,"column":25},"end":{"line":2,"column":49}},"1":{"start":{"line":3,"column":19},"end":{"line":3,"column":53}},"2":{"start":{"line":4,"column":40},"end":{"line":4,"column":85}},"3":{"start":{"line":6,"column":0},"end":{"line":36,"column":3}}},"fnMap":{},"branchMap":{},"s":{"0":0,"1":0,"2":0,"3":0},"f":{},"b":{}}
,"/workspaces/cards/app/+not-found.tsx": {"path":"/workspaces/cards/app/+not-found.tsx","statementMap":{"0":{"start":{"line":9,"column":2},"end":{"line":19,"column":4}},"1":{"start":{"line":22,"column":15},"end":{"line":33,"column":2}}},"fnMap":{"0":{"name":"NotFoundScreen","decl":{"start":{"line":8,"column":24},"end":{"line":8,"column":38}},"loc":{"start":{"line":8,"column":41},"end":{"line":20,"column":1}},"line":8}},"branchMap":{},"s":{"0":0,"1":0},"f":{"0":0},"b":{}}
,"/workspaces/cards/app/_layout.tsx": {"path":"/workspaces/cards/app/_layout.tsx","statementMap":{"0":{"start":{"line":13,"column":19},"end":{"line":13,"column":59}},"1":{"start":{"line":13,"column":44},"end":{"line":13,"column":58}},"2":{"start":{"line":14,"column":19},"end":{"line":16,"column":4}},"3":{"start":{"line":18,"column":2},"end":{"line":21,"column":3}},"4":{"start":{"line":20,"column":4},"end":{"line":20,"column":16}},"5":{"start":{"line":23,"column":29},"end":{"line":26,"column":3}},"6":{"start":{"line":25,"column":4},"end":{"line":25,"column":15}},"7":{"start":{"line":28,"column":2},"end":{"line":45,"column":4}}},"fnMap":{"0":{"name":"RootLayout","decl":{"start":{"line":12,"column":24},"end":{"line":12,"column":34}},"loc":{"start":{"line":12,"column":37},"end":{"line":46,"column":1}},"line":12},"1":{"name":"(anonymous_1)","decl":{"start":{"line":13,"column":33},"end":{"line":13,"column":34}},"loc":{"start":{"line":13,"column":44},"end":{"line":13,"column":58}},"line":13},"2":{"name":"(anonymous_2)","decl":{"start":{"line":23,"column":29},"end":{"line":23,"column":30}},"loc":{"start":{"line":23,"column":41},"end":{"line":26,"column":3}},"line":23}},"branchMap":{"0":{"loc":{"start":{"line":18,"column":2},"end":{"line":21,"column":3}},"type":"if","locations":[{"start":{"line":18,"column":2},"end":{"line":21,"column":3}},{"start":{},"end":{}}],"line":18}},"s":{"0":0,"1":0,"2":0,"3":0,"4":0,"5":0,"6":0,"7":0},"f":{"0":0,"1":0,"2":0},"b":{"0":[0,0]}}
,"/workspaces/cards/app/cards.tsx": {"path":"/workspaces/cards/app/cards.tsx","statementMap":{"0":{"start":{"line":28,"column":28},"end":{"line":29,"column":48}},"1":{"start":{"line":29,"column":2},"end":{"line":29,"column":48}},"2":{"start":{"line":31,"column":22},"end":{"line":36,"column":22}},"3":{"start":{"line":32,"column":2},"end":{"line":36,"column":22}},"4":{"start":{"line":33,"column":4},"end":{"line":33,"column":68}},"5":{"start":{"line":33,"column":57},"end":{"line":33,"column":68}},"6":{"start":{"line":34,"column":4},"end":{"line":34,"column":25}},"7":{"start":{"line":35,"column":4},"end":{"line":35,"column":15}},"8":{"start":{"line":38,"column":23},"end":{"line":50,"column":4}},"9":{"start":{"line":39,"column":2},"end":{"line":50,"column":4}},"10":{"start":{"line":40,"column":4},"end":{"line":48,"column":5}},"11":{"start":{"line":41,"column":6},"end":{"line":47,"column":8}},"12":{"start":{"line":43,"column":43},"end":{"line":46,"column":9}},"13":{"start":{"line":49,"column":4},"end":{"line":49,"column":16}},"14":{"start":{"line":52,"column":23},"end":{"line":57,"column":1}},"15":{"start":{"line":53,"column":19},"end":{"line":53,"column":64}},"16":{"start":{"line":54,"column":17},"end":{"line":54,"column":52}},"17":{"start":{"line":56,"column":2},"end":{"line":56,"column":45}},"18":{"start":{"line":60,"column":17},"end":{"line":60,"column":69}},"19":{"start":{"line":60,"column":42},"end":{"line":60,"column":68}},"20":{"start":{"line":61,"column":24},"end":{"line":61,"column":69}},"21":{"start":{"line":61,"column":49},"end":{"line":61,"column":68}},"22":{"start":{"line":62,"column":23},"end":{"line":62,"column":67}},"23":{"start":{"line":62,"column":48},"end":{"line":62,"column":66}},"24":{"start":{"line":63,"column":19},"end":{"line":63,"column":59}},"25":{"start":{"line":63,"column":44},"end":{"line":63,"column":58}},"26":{"start":{"line":64,"column":16},"end":{"line":64,"column":53}},"27":{"start":{"line":64,"column":41},"end":{"line":64,"column":52}},"28":{"start":{"line":65,"column":19},"end":{"line":65,"column":59}},"29":{"start":{"line":65,"column":44},"end":{"line":65,"column":58}},"30":{"start":{"line":66,"column":24},"end":{"line":66,"column":69}},"31":{"start":{"line":66,"column":49},"end":{"line":66,"column":68}},"32":{"start":{"line":67,"column":20},"end":{"line":67,"column":61}},"33":{"start":{"line":67,"column":45},"end":{"line":67,"column":60}},"34":{"start":{"line":69,"column":36},"end":{"line":69,"column":47}},"35":{"start":{"line":70,"column":36},"end":{"line":70,"column":50}},"36":{"start":{"line":71,"column":46},"end":{"line":71,"column":61}},"37":{"start":{"line":72,"column":50},"end":{"line":72,"column":65}},"38":{"start":{"line":73,"column":56},"end":{"line":73,"column":71}},"39":{"start":{"line":76,"column":22},"end":{"line":76,"column":79}},"40":{"start":{"line":76,"column":36},"end":{"line":76,"column":58}},"41":{"start":{"line":77,"column":24},"end":{"line":77,"column":40}},"42":{"start":{"line":78,"column":21},"end":{"line":78,"column":49}},"43":{"start":{"line":79,"column":28},"end":{"line":79,"column":60}},"44":{"start":{"line":80,"column":19},"end":{"line":80,"column":35}},"45":{"start":{"line":81,"column":68},"end":{"line":81,"column":77}},"46":{"start":{"line":82,"column":31},"end":{"line":82,"column":64}},"47":{"start":{"line":83,"column":31},"end":{"line":83,"column":58}},"48":{"start":{"line":85,"column":19},"end":{"line":85,"column":42}},"49":{"start":{"line":87,"column":31},"end":{"line":90,"column":3}},"50":{"start":{"line":88,"column":10},"end":{"line":88,"column":42}},"51":{"start":{"line":91,"column":37},"end":{"line":94,"column":3}},"52":{"start":{"line":92,"column":10},"end":{"line":92,"column":48}},"53":{"start":{"line":96,"column":32},"end":{"line":111,"column":3}},"54":{"start":{"line":97,"column":4},"end":{"line":97,"column":18}},"55":{"start":{"line":98,"column":23},"end":{"line":98,"column":53}},"56":{"start":{"line":100,"column":4},"end":{"line":107,"column":5}},"57":{"start":{"line":101,"column":6},"end":{"line":101,"column":31}},"58":{"start":{"line":102,"column":6},"end":{"line":102,"column":23}},"59":{"start":{"line":103,"column":11},"end":{"line":107,"column":5}},"60":{"start":{"line":104,"column":6},"end":{"line":104,"column":30}},"61":{"start":{"line":105,"column":6},"end":{"line":105,"column":17}},"62":{"start":{"line":106,"column":6},"end":{"line":106,"column":13}},"63":{"start":{"line":109,"column":4},"end":{"line":109,"column":44}},"64":{"start":{"line":110,"column":4},"end":{"line":110,"column":31}},"65":{"start":{"line":113,"column":32},"end":{"line":122,"column":3}},"66":{"start":{"line":114,"column":4},"end":{"line":114,"column":18}},"67":{"start":{"line":115,"column":24},"end":{"line":115,"column":39}},"68":{"start":{"line":117,"column":4},"end":{"line":117,"column":28}},"69":{"start":{"line":117,"column":21},"end":{"line":117,"column":28}},"70":{"start":{"line":119,"column":25},"end":{"line":119,"column":55}},"71":{"start":{"line":120,"column":4},"end":{"line":120,"column":44}},"72":{"start":{"line":121,"column":4},"end":{"line":121,"column":31}},"73":{"start":{"line":124,"column":31},"end":{"line":128,"column":8}},"74":{"start":{"line":125,"column":4},"end":{"line":125,"column":34}},"75":{"start":{"line":125,"column":27},"end":{"line":125,"column":32}},"76":{"start":{"line":126,"column":4},"end":{"line":126,"column":31}},"77":{"start":{"line":127,"column":4},"end":{"line":127,"column":34}},"78":{"start":{"line":130,"column":23},"end":{"line":137,"column":3}},"79":{"start":{"line":131,"column":62},"end":{"line":131,"column":79}},"80":{"start":{"line":132,"column":20},"end":{"line":132,"column":35}},"81":{"start":{"line":133,"column":26},"end":{"line":133,"column":50}},"82":{"start":{"line":134,"column":26},"end":{"line":134,"column":44}},"83":{"start":{"line":135,"column":4},"end":{"line":135,"column":37}},"84":{"start":{"line":136,"column":4},"end":{"line":136,"column":72}},"85":{"start":{"line":139,"column":2},"end":{"line":147,"column":18}},"86":{"start":{"line":140,"column":4},"end":{"line":140,"column":30}},"87":{"start":{"line":140,"column":23},"end":{"line":140,"column":30}},"88":{"start":{"line":142,"column":4},"end":{"line":142,"column":31}},"89":{"start":{"line":143,"column":4},"end":{"line":143,"column":34}},"90":{"start":{"line":144,"column":4},"end":{"line":144,"column":39}},"91":{"start":{"line":145,"column":4},"end":{"line":145,"column":76}},"92":{"start":{"line":145,"column":23},"end":{"line":145,"column":76}},"93":{"start":{"line":145,"column":40},"end":{"line":145,"column":69}},"94":{"start":{"line":149,"column":33},"end":{"line":151,"column":3}},"95":{"start":{"line":150,"column":4},"end":{"line":150,"column":34}},"96":{"start":{"line":153,"column":34},"end":{"line":155,"column":3}},"97":{"start":{"line":154,"column":4},"end":{"line":154,"column":27}},"98":{"start":{"line":157,"column":31},"end":{"line":165,"column":3}},"99":{"start":{"line":160,"column":4},"end":{"line":160,"column":68}},"100":{"start":{"line":160,"column":55},"end":{"line":160,"column":68}},"101":{"start":{"line":161,"column":4},"end":{"line":161,"column":67}},"102":{"start":{"line":161,"column":54},"end":{"line":161,"column":67}},"103":{"start":{"line":162,"column":4},"end":{"line":162,"column":79}},"104":{"start":{"line":162,"column":66},"end":{"line":162,"column":79}},"105":{"start":{"line":164,"column":4},"end":{"line":164,"column":16}},"106":{"start":{"line":167,"column":25},"end":{"line":172,"column":3}},"107":{"start":{"line":170,"column":4},"end":{"line":171,"column":33}},"108":{"start":{"line":170,"column":36},"end":{"line":170,"column":60}},"109":{"start":{"line":171,"column":9},"end":{"line":171,"column":33}},"110":{"start":{"line":174,"column":2},"end":{"line":243,"column":4}},"111":{"start":{"line":180,"column":27},"end":{"line":180,"column":40}},"112":{"start":{"line":247,"column":21},"end":{"line":247,"column":51}},"113":{"start":{"line":249,"column":2},"end":{"line":252,"column":3}},"114":{"start":{"line":250,"column":4},"end":{"line":250,"column":18}},"115":{"start":{"line":251,"column":4},"end":{"line":251,"column":11}},"116":{"start":{"line":254,"column":2},"end":{"line":266,"column":5}},"117":{"start":{"line":255,"column":4},"end":{"line":255,"column":28}},"118":{"start":{"line":255,"column":21},"end":{"line":255,"column":28}},"119":{"start":{"line":256,"column":4},"end":{"line":258,"column":5}},"120":{"start":{"line":257,"column":6},"end":{"line":257,"column":30}},"121":{"start":{"line":259,"column":4},"end":{"line":265,"column":5}},"122":{"start":{"line":260,"column":6},"end":{"line":264,"column":9}},"123":{"start":{"line":261,"column":8},"end":{"line":263,"column":9}},"124":{"start":{"line":262,"column":10},"end":{"line":262,"column":38}},"125":{"start":{"line":269,"column":17},"end":{"line":324,"column":1}},"126":{"start":{"line":290,"column":2},"end":{"line":323,"column":9}},"127":{"start":{"line":326,"column":13},"end":{"line":352,"column":1}},"128":{"start":{"line":327,"column":30},"end":{"line":331,"column":8}},"129":{"start":{"line":328,"column":4},"end":{"line":330,"column":5}},"130":{"start":{"line":329,"column":6},"end":{"line":329,"column":30}},"131":{"start":{"line":333,"column":2},"end":{"line":351,"column":4}},"132":{"start":{"line":336,"column":37},"end":{"line":336,"column":44}},"133":{"start":{"line":338,"column":8},"end":{"line":346,"column":12}},"134":{"start":{"line":339,"column":10},"end":{"line":346,"column":12}},"135":{"start":{"line":348,"column":8},"end":{"line":348,"column":76}},"136":{"start":{"line":354,"column":15},"end":{"line":375,"column":2}}},"fnMap":{"0":{"name":"(anonymous_0)","decl":{"start":{"line":28,"column":28},"end":{"line":28,"column":29}},"loc":{"start":{"line":29,"column":2},"end":{"line":29,"column":48}},"line":29},"1":{"name":"(anonymous_1)","decl":{"start":{"line":31,"column":22},"end":{"line":31,"column":23}},"loc":{"start":{"line":32,"column":2},"end":{"line":36,"column":22}},"line":32},"2":{"name":"(anonymous_2)","decl":{"start":{"line":32,"column":17},"end":{"line":32,"column":18}},"loc":{"start":{"line":32,"column":32},"end":{"line":36,"column":3}},"line":32},"3":{"name":"(anonymous_3)","decl":{"start":{"line":38,"column":23},"end":{"line":38,"column":24}},"loc":{"start":{"line":39,"column":2},"end":{"line":50,"column":4}},"line":39},"4":{"name":"(anonymous_4)","decl":{"start":{"line":39,"column":14},"end":{"line":39,"column":15}},"loc":{"start":{"line":39,"column":24},"end":{"line":50,"column":3}},"line":39},"5":{"name":"(anonymous_5)","decl":{"start":{"line":43,"column":28},"end":{"line":43,"column":29}},"loc":{"start":{"line":43,"column":43},"end":{"line":46,"column":9}},"line":43},"6":{"name":"(anonymous_6)","decl":{"start":{"line":52,"column":23},"end":{"line":52,"column":24}},"loc":{"start":{"line":52,"column":67},"end":{"line":57,"column":1}},"line":52},"7":{"name":"CardsScreen","decl":{"start":{"line":59,"column":24},"end":{"line":59,"column":35}},"loc":{"start":{"line":59,"column":38},"end":{"line":244,"column":1}},"line":59},"8":{"name":"(anonymous_8)","decl":{"start":{"line":60,"column":31},"end":{"line":60,"column":32}},"loc":{"start":{"line":60,"column":42},"end":{"line":60,"column":68}},"line":60},"9":{"name":"(anonymous_9)","decl":{"start":{"line":61,"column":38},"end":{"line":61,"column":39}},"loc":{"start":{"line":61,"column":49},"end":{"line":61,"column":68}},"line":61},"10":{"name":"(anonymous_10)","decl":{"start":{"line":62,"column":37},"end":{"line":62,"column":38}},"loc":{"start":{"line":62,"column":48},"end":{"line":62,"column":66}},"line":62},"11":{"name":"(anonymous_11)","decl":{"start":{"line":63,"column":33},"end":{"line":63,"column":34}},"loc":{"start":{"line":63,"column":44},"end":{"line":63,"column":58}},"line":63},"12":{"name":"(anonymous_12)","decl":{"start":{"line":64,"column":30},"end":{"line":64,"column":31}},"loc":{"start":{"line":64,"column":41},"end":{"line":64,"column":52}},"line":64},"13":{"name":"(anonymous_13)","decl":{"start":{"line":65,"column":33},"end":{"line":65,"column":34}},"loc":{"start":{"line":65,"column":44},"end":{"line":65,"column":58}},"line":65},"14":{"name":"(anonymous_14)","decl":{"start":{"line":66,"column":38},"end":{"line":66,"column":39}},"loc":{"start":{"line":66,"column":49},"end":{"line":66,"column":68}},"line":66},"15":{"name":"(anonymous_15)","decl":{"start":{"line":67,"column":34},"end":{"line":67,"column":35}},"loc":{"start":{"line":67,"column":45},"end":{"line":67,"column":60}},"line":67},"16":{"name":"(anonymous_16)","decl":{"start":{"line":76,"column":30},"end":{"line":76,"column":31}},"loc":{"start":{"line":76,"column":36},"end":{"line":76,"column":58}},"line":76},"17":{"name":"(anonymous_17)","decl":{"start":{"line":88,"column":4},"end":{"line":88,"column":5}},"loc":{"start":{"line":88,"column":10},"end":{"line":88,"column":42}},"line":88},"18":{"name":"(anonymous_18)","decl":{"start":{"line":92,"column":4},"end":{"line":92,"column":5}},"loc":{"start":{"line":92,"column":10},"end":{"line":92,"column":48}},"line":92},"19":{"name":"(anonymous_19)","decl":{"start":{"line":96,"column":32},"end":{"line":96,"column":33}},"loc":{"start":{"line":96,"column":38},"end":{"line":111,"column":3}},"line":96},"20":{"name":"(anonymous_20)","decl":{"start":{"line":113,"column":32},"end":{"line":113,"column":33}},"loc":{"start":{"line":113,"column":38},"end":{"line":122,"column":3}},"line":113},"21":{"name":"(anonymous_21)","decl":{"start":{"line":124,"column":43},"end":{"line":124,"column":44}},"loc":{"start":{"line":124,"column":49},"end":{"line":128,"column":3}},"line":124},"22":{"name":"(anonymous_22)","decl":{"start":{"line":125,"column":17},"end":{"line":125,"column":18}},"loc":{"start":{"line":125,"column":27},"end":{"line":125,"column":32}},"line":125},"23":{"name":"(anonymous_23)","decl":{"start":{"line":130,"column":23},"end":{"line":130,"column":24}},"loc":{"start":{"line":130,"column":39},"end":{"line":137,"column":3}},"line":130},"24":{"name":"(anonymous_24)","decl":{"start":{"line":139,"column":12},"end":{"line":139,"column":13}},"loc":{"start":{"line":139,"column":18},"end":{"line":147,"column":3}},"line":139},"25":{"name":"(anonymous_25)","decl":{"start":{"line":145,"column":34},"end":{"line":145,"column":35}},"loc":{"start":{"line":145,"column":40},"end":{"line":145,"column":69}},"line":145},"26":{"name":"(anonymous_26)","decl":{"start":{"line":149,"column":33},"end":{"line":149,"column":34}},"loc":{"start":{"line":149,"column":39},"end":{"line":151,"column":3}},"line":149},"27":{"name":"(anonymous_27)","decl":{"start":{"line":153,"column":34},"end":{"line":153,"column":35}},"loc":{"start":{"line":153,"column":40},"end":{"line":155,"column":3}},"line":153},"28":{"name":"(anonymous_28)","decl":{"start":{"line":157,"column":31},"end":{"line":157,"column":32}},"loc":{"start":{"line":159,"column":7},"end":{"line":165,"column":3}},"line":159},"29":{"name":"(anonymous_29)","decl":{"start":{"line":167,"column":25},"end":{"line":167,"column":26}},"loc":{"start":{"line":169,"column":45},"end":{"line":172,"column":3}},"line":169},"30":{"name":"(anonymous_30)","decl":{"start":{"line":180,"column":21},"end":{"line":180,"column":22}},"loc":{"start":{"line":180,"column":27},"end":{"line":180,"column":40}},"line":180},"31":{"name":"speakCurrentCard","decl":{"start":{"line":246,"column":15},"end":{"line":246,"column":31}},"loc":{"start":{"line":246,"column":52},"end":{"line":267,"column":1}},"line":246},"32":{"name":"(anonymous_32)","decl":{"start":{"line":254,"column":30},"end":{"line":254,"column":31}},"loc":{"start":{"line":254,"column":40},"end":{"line":266,"column":3}},"line":254},"33":{"name":"(anonymous_33)","decl":{"start":{"line":260,"column":24},"end":{"line":260,"column":25}},"loc":{"start":{"line":260,"column":38},"end":{"line":264,"column":7}},"line":260},"34":{"name":"(anonymous_34)","decl":{"start":{"line":269,"column":17},"end":{"line":269,"column":18}},"loc":{"start":{"line":290,"column":2},"end":{"line":323,"column":9}},"line":290},"35":{"name":"(anonymous_35)","decl":{"start":{"line":326,"column":13},"end":{"line":326,"column":14}},"loc":{"start":{"line":326,"column":44},"end":{"line":352,"column":1}},"line":326},"36":{"name":"(anonymous_36)","decl":{"start":{"line":327,"column":42},"end":{"line":327,"column":43}},"loc":{"start":{"line":327,"column":68},"end":{"line":331,"column":3}},"line":327},"37":{"name":"(anonymous_37)","decl":{"start":{"line":335,"column":24},"end":{"line":335,"column":25}},"loc":{"start":{"line":335,"column":42},"end":{"line":349,"column":7}},"line":335}},"branchMap":{"0":{"loc":{"start":{"line":28,"column":44},"end":{"line":28,"column":55}},"type":"default-arg","locations":[{"start":{"line":28,"column":52},"end":{"line":28,"column":55}}],"line":28},"1":{"loc":{"start":{"line":33,"column":4},"end":{"line":33,"column":68}},"type":"if","locations":[{"start":{"line":33,"column":4},"end":{"line":33,"column":68}},{"start":{},"end":{}}],"line":33},"2":{"loc":{"start":{"line":33,"column":8},"end":{"line":33,"column":55}},"type":"binary-expr","locations":[{"start":{"line":33,"column":8},"end":{"line":33,"column":28}},{"start":{"line":33,"column":32},"end":{"line":33,"column":41}},{"start":{"line":33,"column":45},"end":{"line":33,"column":55}}],"line":33},"3":{"loc":{"start":{"line":40,"column":4},"end":{"line":48,"column":5}},"type":"if","locations":[{"start":{"line":40,"column":4},"end":{"line":48,"column":5}},{"start":{},"end":{}}],"line":40},"4":{"loc":{"start":{"line":40,"column":8},"end":{"line":40,"column":54}},"type":"binary-expr","locations":[{"start":{"line":40,"column":8},"end":{"line":40,"column":28}},{"start":{"line":40,"column":32},"end":{"line":40,"column":41}},{"start":{"line":40,"column":45},"end":{"line":40,"column":54}}],"line":40},"5":{"loc":{"start":{"line":45,"column":25},"end":{"line":45,"column":71}},"type":"cond-expr","locations":[{"start":{"line":45,"column":37},"end":{"line":45,"column":59}},{"start":{"line":45,"column":62},"end":{"line":45,"column":71}}],"line":45},"6":{"loc":{"start":{"line":76,"column":36},"end":{"line":76,"column":58}},"type":"binary-expr","locations":[{"start":{"line":76,"column":36},"end":{"line":76,"column":52}},{"start":{"line":76,"column":56},"end":{"line":76,"column":58}}],"line":76},"7":{"loc":{"start":{"line":82,"column":31},"end":{"line":82,"column":64}},"type":"binary-expr","locations":[{"start":{"line":82,"column":31},"end":{"line":82,"column":46}},{"start":{"line":82,"column":50},"end":{"line":82,"column":64}}],"line":82},"8":{"loc":{"start":{"line":83,"column":31},"end":{"line":83,"column":58}},"type":"binary-expr","locations":[{"start":{"line":83,"column":31},"end":{"line":83,"column":45}},{"start":{"line":83,"column":49},"end":{"line":83,"column":58}}],"line":83},"9":{"loc":{"start":{"line":100,"column":4},"end":{"line":107,"column":5}},"type":"if","locations":[{"start":{"line":100,"column":4},"end":{"line":107,"column":5}},{"start":{"line":103,"column":11},"end":{"line":107,"column":5}}],"line":100},"10":{"loc":{"start":{"line":103,"column":11},"end":{"line":107,"column":5}},"type":"if","locations":[{"start":{"line":103,"column":11},"end":{"line":107,"column":5}},{"start":{},"end":{}}],"line":103},"11":{"loc":{"start":{"line":117,"column":4},"end":{"line":117,"column":28}},"type":"if","locations":[{"start":{"line":117,"column":4},"end":{"line":117,"column":28}},{"start":{},"end":{}}],"line":117},"12":{"loc":{"start":{"line":140,"column":4},"end":{"line":140,"column":30}},"type":"if","locations":[{"start":{"line":140,"column":4},"end":{"line":140,"column":30}},{"start":{},"end":{}}],"line":140},"13":{"loc":{"start":{"line":145,"column":4},"end":{"line":145,"column":76}},"type":"if","locations":[{"start":{"line":145,"column":4},"end":{"line":145,"column":76}},{"start":{},"end":{}}],"line":145},"14":{"loc":{"start":{"line":160,"column":4},"end":{"line":160,"column":68}},"type":"if","locations":[{"start":{"line":160,"column":4},"end":{"line":160,"column":68}},{"start":{},"end":{}}],"line":160},"15":{"loc":{"start":{"line":160,"column":8},"end":{"line":160,"column":53}},"type":"binary-expr","locations":[{"start":{"line":160,"column":8},"end":{"line":160,"column":34}},{"start":{"line":160,"column":38},"end":{"line":160,"column":53}}],"line":160},"16":{"loc":{"start":{"line":161,"column":4},"end":{"line":161,"column":67}},"type":"if","locations":[{"start":{"line":161,"column":4},"end":{"line":161,"column":67}},{"start":{},"end":{}}],"line":161},"17":{"loc":{"start":{"line":161,"column":8},"end":{"line":161,"column":52}},"type":"binary-expr","locations":[{"start":{"line":161,"column":8},"end":{"line":161,"column":34}},{"start":{"line":161,"column":38},"end":{"line":161,"column":52}}],"line":161},"18":{"loc":{"start":{"line":162,"column":4},"end":{"line":162,"column":79}},"type":"if","locations":[{"start":{"line":162,"column":4},"end":{"line":162,"column":79}},{"start":{},"end":{}}],"line":162},"19":{"loc":{"start":{"line":162,"column":8},"end":{"line":162,"column":64}},"type":"binary-expr","locations":[{"start":{"line":162,"column":8},"end":{"line":162,"column":33}},{"start":{"line":162,"column":37},"end":{"line":162,"column":51}},{"start":{"line":162,"column":55},"end":{"line":162,"column":64}}],"line":162},"20":{"loc":{"start":{"line":170,"column":4},"end":{"line":171,"column":33}},"type":"if","locations":[{"start":{"line":170,"column":4},"end":{"line":171,"column":33}},{"start":{"line":171,"column":9},"end":{"line":171,"column":33}}],"line":170},"21":{"loc":{"start":{"line":198,"column":11},"end":{"line":204,"column":11}},"type":"binary-expr","locations":[{"start":{"line":198,"column":11},"end":{"line":198,"column":27}},{"start":{"line":199,"column":12},"end":{"line":203,"column":14}}],"line":198},"22":{"loc":{"start":{"line":210,"column":13},"end":{"line":214,"column":13}},"type":"binary-expr","locations":[{"start":{"line":210,"column":13},"end":{"line":210,"column":22}},{"start":{"line":211,"column":14},"end":{"line":213,"column":21}}],"line":210},"23":{"loc":{"start":{"line":216,"column":15},"end":{"line":218,"column":15}},"type":"binary-expr","locations":[{"start":{"line":216,"column":15},"end":{"line":216,"column":30}},{"start":{"line":217,"column":16},"end":{"line":217,"column":70}}],"line":216},"24":{"loc":{"start":{"line":219,"column":15},"end":{"line":219,"column":49}},"type":"binary-expr","locations":[{"start":{"line":219,"column":15},"end":{"line":219,"column":29}},{"start":{"line":219,"column":33},"end":{"line":219,"column":49}}],"line":219},"25":{"loc":{"start":{"line":222,"column":11},"end":{"line":228,"column":11}},"type":"binary-expr","locations":[{"start":{"line":222,"column":11},"end":{"line":222,"column":30}},{"start":{"line":223,"column":12},"end":{"line":227,"column":14}}],"line":222},"26":{"loc":{"start":{"line":249,"column":2},"end":{"line":252,"column":3}},"type":"if","locations":[{"start":{"line":249,"column":2},"end":{"line":252,"column":3}},{"start":{},"end":{}}],"line":249},"27":{"loc":{"start":{"line":255,"column":4},"end":{"line":255,"column":28}},"type":"if","locations":[{"start":{"line":255,"column":4},"end":{"line":255,"column":28}},{"start":{},"end":{}}],"line":255},"28":{"loc":{"start":{"line":256,"column":4},"end":{"line":258,"column":5}},"type":"if","locations":[{"start":{"line":256,"column":4},"end":{"line":258,"column":5}},{"start":{},"end":{}}],"line":256},"29":{"loc":{"start":{"line":259,"column":4},"end":{"line":265,"column":5}},"type":"if","locations":[{"start":{"line":259,"column":4},"end":{"line":265,"column":5}},{"start":{},"end":{}}],"line":259},"30":{"loc":{"start":{"line":259,"column":8},"end":{"line":259,"column":41}},"type":"binary-expr","locations":[{"start":{"line":259,"column":8},"end":{"line":259,"column":28}},{"start":{"line":259,"column":32},"end":{"line":259,"column":41}}],"line":259},"31":{"loc":{"start":{"line":261,"column":8},"end":{"line":263,"column":9}},"type":"if","locations":[{"start":{"line":261,"column":8},"end":{"line":263,"column":9}},{"start":{},"end":{}}],"line":261},"32":{"loc":{"start":{"line":291,"column":5},"end":{"line":295,"column":5}},"type":"binary-expr","locations":[{"start":{"line":291,"column":5},"end":{"line":291,"column":14}},{"start":{"line":292,"column":6},"end":{"line":294,"column":20}}],"line":291},"33":{"loc":{"start":{"line":296,"column":5},"end":{"line":322,"column":5}},"type":"binary-expr","locations":[{"start":{"line":296,"column":5},"end":{"line":296,"column":13}},{"start":{"line":297,"column":6},"end":{"line":321,"column":9}}],"line":296},"34":{"loc":{"start":{"line":319,"column":23},"end":{"line":319,"column":52}},"type":"cond-expr","locations":[{"start":{"line":319,"column":35},"end":{"line":319,"column":40}},{"start":{"line":319,"column":43},"end":{"line":319,"column":52}}],"line":319},"35":{"loc":{"start":{"line":328,"column":4},"end":{"line":330,"column":5}},"type":"if","locations":[{"start":{"line":328,"column":4},"end":{"line":330,"column":5}},{"start":{},"end":{}}],"line":328},"36":{"loc":{"start":{"line":338,"column":8},"end":{"line":346,"column":12}},"type":"if","locations":[{"start":{"line":338,"column":8},"end":{"line":346,"column":12}},{"start":{},"end":{}}],"line":338},"37":{"loc":{"start":{"line":343,"column":20},"end":{"line":343,"column":30}},"type":"binary-expr","locations":[{"start":{"line":343,"column":20},"end":{"line":343,"column":24}},{"start":{"line":343,"column":28},"end":{"line":343,"column":30}}],"line":343}},"s":{"0":0,"1":0,"2":0,"3":0,"4":0,"5":0,"6":0,"7":0,"8":0,"9":0,"10":0,"11":0,"12":0,"13":0,"14":0,"15":0,"16":0,"17":0,"18":0,"19":0,"20":0,"21":0,"22":0,"23":0,"24":0,"25":0,"26":0,"27":0,"28":0,"29":0,"30":0,"31":0,"32":0,"33":0,"34":0,"35":0,"36":0,"37":0,"38":0,"39":0,"40":0,"41":0,"42":0,"43":0,"44":0,"45":0,"46":0,"47":0,"48":0,"49":0,"50":0,"51":0,"52":0,"53":0,"54":0,"55":0,"56":0,"57":0,"58":0,"59":0,"60":0,"61":0,"62":0,"63":0,"64":0,"65":0,"66":0,"67":0,"68":0,"69":0,"70":0,"71":0,"72":0,"73":0,"74":0,"75":0,"76":0,"77":0,"78":0,"79":0,"80":0,"81":0,"82":0,"83":0,"84":0,"85":0,"86":0,"87":0,"88":0,"89":0,"90":0,"91":0,"92":0,"93":0,"94":0,"95":0,"96":0,"97":0,"98":0,"99":0,"100":0,"101":0,"102":0,"103":0,"104":0,"105":0,"106":0,"107":0,"108":0,"109":0,"110":0,"111":0,"112":0,"113":0,"114":0,"115":0,"116":0,"117":0,"118":0,"119":0,"120":0,"121":0,"122":0,"123":0,"124":0,"125":0,"126":0,"127":0,"128":0,"129":0,"130":0,"131":0,"132":0,"133":0,"134":0,"135":0,"136":0},"f":{"0":0,"1":0,"2":0,"3":0,"4":0,"5":0,"6":0,"7":0,"8":0,"9":0,"10":0,"11":0,"12":0,"13":0,"14":0,"15":0,"16":0,"17":0,"18":0,"19":0,"20":0,"21":0,"22":0,"23":0,"24":0,"25":0,"26":0,"27":0,"28":0,"29":0,"30":0,"31":0,"32":0,"33":0,"34":0,"35":0,"36":0,"37":0},"b":{"0":[0],"1":[0,0],"2":[0,0,0],"3":[0,0],"4":[0,0,0],"5":[0,0],"6":[0,0],"7":[0,0],"8":[0,0],"9":[0,0],"10":[0,0],"11":[0,0],"12":[0,0],"13":[0,0],"14":[0,0],"15":[0,0],"16":[0,0],"17":[0,0],"18":[0,0],"19":[0,0,0],"20":[0,0],"21":[0,0],"22":[0,0],"23":[0,0],"24":[0,0],"25":[0,0],"26":[0,0],"27":[0,0],"28":[0,0],"29":[0,0],"30":[0,0],"31":[0,0],"32":[0,0],"33":[0,0],"34":[0,0],"35":[0,0],"36":[0,0],"37":[0,0]}}
,"/workspaces/cards/app/(tabs)/_layout.tsx": {"path":"/workspaces/cards/app/(tabs)/_layout.tsx","statementMap":{"0":{"start":{"line":11,"column":17},"end":{"line":11,"column":69}},"1":{"start":{"line":11,"column":42},"end":{"line":11,"column":68}},"2":{"start":{"line":13,"column":2},"end":{"line":67,"column":4}},"3":{"start":{"line":35,"column":12},"end":{"line":35,"column":56}},"4":{"start":{"line":44,"column":12},"end":{"line":44,"column":56}},"5":{"start":{"line":53,"column":12},"end":{"line":53,"column":63}},"6":{"start":{"line":62,"column":12},"end":{"line":62,"column":63}}},"fnMap":{"0":{"name":"TabLayout","decl":{"start":{"line":10,"column":24},"end":{"line":10,"column":33}},"loc":{"start":{"line":10,"column":36},"end":{"line":68,"column":1}},"line":10},"1":{"name":"(anonymous_1)","decl":{"start":{"line":11,"column":31},"end":{"line":11,"column":32}},"loc":{"start":{"line":11,"column":42},"end":{"line":11,"column":68}},"line":11},"2":{"name":"(anonymous_2)","decl":{"start":{"line":34,"column":22},"end":{"line":34,"column":23}},"loc":{"start":{"line":35,"column":12},"end":{"line":35,"column":56}},"line":35},"3":{"name":"(anonymous_3)","decl":{"start":{"line":43,"column":22},"end":{"line":43,"column":23}},"loc":{"start":{"line":44,"column":12},"end":{"line":44,"column":56}},"line":44},"4":{"name":"(anonymous_4)","decl":{"start":{"line":52,"column":22},"end":{"line":52,"column":23}},"loc":{"start":{"line":53,"column":12},"end":{"line":53,"column":63}},"line":53},"5":{"name":"(anonymous_5)","decl":{"start":{"line":61,"column":22},"end":{"line":61,"column":23}},"loc":{"start":{"line":62,"column":12},"end":{"line":62,"column":63}},"line":62}},"branchMap":{},"s":{"0":0,"1":0,"2":0,"3":0,"4":0,"5":0,"6":0},"f":{"0":0,"1":0,"2":0,"3":0,"4":0,"5":0},"b":{}}
,"/workspaces/cards/app/(tabs)/index.tsx": {"path":"/workspaces/cards/app/(tabs)/index.tsx","statementMap":{"0":{"start":{"line":15,"column":23},"end":{"line":15,"column":67}},"1":{"start":{"line":15,"column":48},"end":{"line":15,"column":66}},"2":{"start":{"line":16,"column":19},"end":{"line":16,"column":59}},"3":{"start":{"line":16,"column":44},"end":{"line":16,"column":58}},"4":{"start":{"line":17,"column":20},"end":{"line":17,"column":61}},"5":{"start":{"line":17,"column":45},"end":{"line":17,"column":60}},"6":{"start":{"line":18,"column":23},"end":{"line":18,"column":67}},"7":{"start":{"line":18,"column":48},"end":{"line":18,"column":66}},"8":{"start":{"line":19,"column":19},"end":{"line":19,"column":59}},"9":{"start":{"line":19,"column":44},"end":{"line":19,"column":58}},"10":{"start":{"line":20,"column":21},"end":{"line":20,"column":49}},"11":{"start":{"line":28,"column":6},"end":{"line":28,"column":15}},"12":{"start":{"line":29,"column":26},"end":{"line":29,"column":56}},"13":{"start":{"line":34,"column":2},"end":{"line":34,"column":38}},"14":{"start":{"line":36,"column":2},"end":{"line":46,"column":57}},"15":{"start":{"line":37,"column":4},"end":{"line":37,"column":35}},"16":{"start":{"line":37,"column":28},"end":{"line":37,"column":35}},"17":{"start":{"line":39,"column":4},"end":{"line":39,"column":37}},"18":{"start":{"line":39,"column":30},"end":{"line":39,"column":37}},"19":{"start":{"line":41,"column":18},"end":{"line":43,"column":23}},"20":{"start":{"line":42,"column":6},"end":{"line":42,"column":21}},"21":{"start":{"line":45,"column":4},"end":{"line":45,"column":37}},"22":{"start":{"line":45,"column":17},"end":{"line":45,"column":36}},"23":{"start":{"line":48,"column":19},"end":{"line":48,"column":39}},"24":{"start":{"line":49,"column":18},"end":{"line":49,"column":37}},"25":{"start":{"line":50,"column":18},"end":{"line":50,"column":37}},"26":{"start":{"line":51,"column":21},"end":{"line":57,"column":21}},"27":{"start":{"line":59,"column":27},"end":{"line":59,"column":49}},"28":{"start":{"line":61,"column":27},"end":{"line":64,"column":3}},"29":{"start":{"line":62,"column":4},"end":{"line":62,"column":15}},"30":{"start":{"line":63,"column":4},"end":{"line":63,"column":26}},"31":{"start":{"line":66,"column":2},"end":{"line":95,"column":4}},"32":{"start":{"line":98,"column":15},"end":{"line":115,"column":2}}},"fnMap":{"0":{"name":"HomeScreen","decl":{"start":{"line":14,"column":24},"end":{"line":14,"column":34}},"loc":{"start":{"line":14,"column":37},"end":{"line":96,"column":1}},"line":14},"1":{"name":"(anonymous_1)","decl":{"start":{"line":15,"column":37},"end":{"line":15,"column":38}},"loc":{"start":{"line":15,"column":48},"end":{"line":15,"column":66}},"line":15},"2":{"name":"(anonymous_2)","decl":{"start":{"line":16,"column":33},"end":{"line":16,"column":34}},"loc":{"start":{"line":16,"column":44},"end":{"line":16,"column":58}},"line":16},"3":{"name":"(anonymous_3)","decl":{"start":{"line":17,"column":34},"end":{"line":17,"column":35}},"loc":{"start":{"line":17,"column":45},"end":{"line":17,"column":60}},"line":17},"4":{"name":"(anonymous_4)","decl":{"start":{"line":18,"column":37},"end":{"line":18,"column":38}},"loc":{"start":{"line":18,"column":48},"end":{"line":18,"column":66}},"line":18},"5":{"name":"(anonymous_5)","decl":{"start":{"line":19,"column":33},"end":{"line":19,"column":34}},"loc":{"start":{"line":19,"column":44},"end":{"line":19,"column":58}},"line":19},"6":{"name":"(anonymous_6)","decl":{"start":{"line":34,"column":12},"end":{"line":34,"column":13}},"loc":{"start":{"line":34,"column":18},"end":{"line":34,"column":20}},"line":34},"7":{"name":"(anonymous_7)","decl":{"start":{"line":36,"column":12},"end":{"line":36,"column":13}},"loc":{"start":{"line":36,"column":18},"end":{"line":46,"column":3}},"line":36},"8":{"name":"(anonymous_8)","decl":{"start":{"line":41,"column":29},"end":{"line":41,"column":30}},"loc":{"start":{"line":41,"column":35},"end":{"line":43,"column":5}},"line":41},"9":{"name":"(anonymous_9)","decl":{"start":{"line":45,"column":11},"end":{"line":45,"column":12}},"loc":{"start":{"line":45,"column":17},"end":{"line":45,"column":36}},"line":45},"10":{"name":"(anonymous_10)","decl":{"start":{"line":61,"column":27},"end":{"line":61,"column":28}},"loc":{"start":{"line":61,"column":33},"end":{"line":64,"column":3}},"line":61}},"branchMap":{"0":{"loc":{"start":{"line":37,"column":4},"end":{"line":37,"column":35}},"type":"if","locations":[{"start":{"line":37,"column":4},"end":{"line":37,"column":35}},{"start":{},"end":{}}],"line":37},"1":{"loc":{"start":{"line":39,"column":4},"end":{"line":39,"column":37}},"type":"if","locations":[{"start":{"line":39,"column":4},"end":{"line":39,"column":37}},{"start":{},"end":{}}],"line":39},"2":{"loc":{"start":{"line":51,"column":21},"end":{"line":57,"column":21}},"type":"cond-expr","locations":[{"start":{"line":52,"column":6},"end":{"line":52,"column":14}},{"start":{"line":53,"column":6},"end":{"line":57,"column":21}}],"line":51},"3":{"loc":{"start":{"line":53,"column":6},"end":{"line":57,"column":21}},"type":"cond-expr","locations":[{"start":{"line":54,"column":8},"end":{"line":54,"column":15}},{"start":{"line":55,"column":8},"end":{"line":57,"column":21}}],"line":53},"4":{"loc":{"start":{"line":55,"column":8},"end":{"line":57,"column":21}},"type":"cond-expr","locations":[{"start":{"line":56,"column":10},"end":{"line":56,"column":16}},{"start":{"line":57,"column":10},"end":{"line":57,"column":21}}],"line":55},"5":{"loc":{"start":{"line":59,"column":29},"end":{"line":59,"column":48}},"type":"binary-expr","locations":[{"start":{"line":59,"column":29},"end":{"line":59,"column":37}},{"start":{"line":59,"column":41},"end":{"line":59,"column":48}}],"line":59}},"s":{"0":0,"1":0,"2":0,"3":0,"4":0,"5":0,"6":0,"7":0,"8":0,"9":0,"10":0,"11":0,"12":0,"13":0,"14":0,"15":0,"16":0,"17":0,"18":0,"19":0,"20":0,"21":0,"22":0,"23":0,"24":0,"25":0,"26":0,"27":0,"28":0,"29":0,"30":0,"31":0,"32":0},"f":{"0":0,"1":0,"2":0,"3":0,"4":0,"5":0,"6":0,"7":0,"8":0,"9":0,"10":0},"b":{"0":[0,0],"1":[0,0],"2":[0,0],"3":[0,0],"4":[0,0],"5":[0,0]}}
,"/workspaces/cards/app/(tabs)/lib.tsx": {"path":"/workspaces/cards/app/(tabs)/lib.tsx","statementMap":{"0":{"start":{"line":28,"column":2},"end":{"line":48,"column":4}},"1":{"start":{"line":51,"column":15},"end":{"line":70,"column":2}},"2":{"start":{"line":73,"column":2},"end":{"line":99,"column":4}},"3":{"start":{"line":103,"column":2},"end":{"line":116,"column":4}},"4":{"start":{"line":120,"column":25},"end":{"line":122,"column":3}},"5":{"start":{"line":121,"column":15},"end":{"line":121,"column":49}},"6":{"start":{"line":124,"column":2},"end":{"line":186,"column":4}},"7":{"start":{"line":190,"column":2},"end":{"line":206,"column":4}},"8":{"start":{"line":210,"column":2},"end":{"line":223,"column":4}},"9":{"start":{"line":227,"column":25},"end":{"line":229,"column":3}},"10":{"start":{"line":228,"column":15},"end":{"line":228,"column":49}},"11":{"start":{"line":230,"column":20},"end":{"line":230,"column":68}},"12":{"start":{"line":232,"column":60},"end":{"line":256,"column":3}},"13":{"start":{"line":233,"column":4},"end":{"line":255,"column":6}},"14":{"start":{"line":258,"column":2},"end":{"line":269,"column":4}},"15":{"start":{"line":265,"column":10},"end":{"line":265,"column":54}},"16":{"start":{"line":273,"column":25},"end":{"line":275,"column":3}},"17":{"start":{"line":274,"column":15},"end":{"line":274,"column":49}},"18":{"start":{"line":276,"column":20},"end":{"line":276,"column":59}},"19":{"start":{"line":278,"column":61},"end":{"line":293,"column":3}},"20":{"start":{"line":279,"column":4},"end":{"line":292,"column":6}},"21":{"start":{"line":295,"column":2},"end":{"line":306,"column":4}},"22":{"start":{"line":302,"column":10},"end":{"line":302,"column":54}},"23":{"start":{"line":310,"column":26},"end":{"line":310,"column":40}},"24":{"start":{"line":312,"column":2},"end":{"line":318,"column":9}},"25":{"start":{"line":313,"column":21},"end":{"line":315,"column":12}},"26":{"start":{"line":314,"column":6},"end":{"line":314,"column":31}},"27":{"start":{"line":314,"column":24},"end":{"line":314,"column":29}},"28":{"start":{"line":317,"column":4},"end":{"line":317,"column":41}},"29":{"start":{"line":317,"column":17},"end":{"line":317,"column":40}},"30":{"start":{"line":320,"column":2},"end":{"line":320,"column":63}}},"fnMap":{"0":{"name":"LibScreen","decl":{"start":{"line":27,"column":24},"end":{"line":27,"column":33}},"loc":{"start":{"line":27,"column":36},"end":{"line":49,"column":1}},"line":27},"1":{"name":"CommonSectionPreview","decl":{"start":{"line":72,"column":9},"end":{"line":72,"column":29}},"loc":{"start":{"line":72,"column":32},"end":{"line":100,"column":1}},"line":72},"2":{"name":"ButtonSectionPreview","decl":{"start":{"line":102,"column":9},"end":{"line":102,"column":29}},"loc":{"start":{"line":102,"column":32},"end":{"line":117,"column":1}},"line":102},"3":{"name":"LayoutSectionPreview","decl":{"start":{"line":119,"column":9},"end":{"line":119,"column":29}},"loc":{"start":{"line":119,"column":32},"end":{"line":187,"column":1}},"line":119},"4":{"name":"(anonymous_4)","decl":{"start":{"line":121,"column":4},"end":{"line":121,"column":5}},"loc":{"start":{"line":121,"column":15},"end":{"line":121,"column":49}},"line":121},"5":{"name":"TextSectionPreview","decl":{"start":{"line":189,"column":9},"end":{"line":189,"column":27}},"loc":{"start":{"line":189,"column":30},"end":{"line":207,"column":1}},"line":189},"6":{"name":"IconSectionPreview","decl":{"start":{"line":209,"column":9},"end":{"line":209,"column":27}},"loc":{"start":{"line":209,"column":30},"end":{"line":224,"column":1}},"line":209},"7":{"name":"ThemedColorsSectionPreview","decl":{"start":{"line":226,"column":9},"end":{"line":226,"column":35}},"loc":{"start":{"line":226,"column":38},"end":{"line":270,"column":1}},"line":226},"8":{"name":"(anonymous_8)","decl":{"start":{"line":228,"column":4},"end":{"line":228,"column":5}},"loc":{"start":{"line":228,"column":15},"end":{"line":228,"column":49}},"line":228},"9":{"name":"(anonymous_9)","decl":{"start":{"line":232,"column":60},"end":{"line":232,"column":61}},"loc":{"start":{"line":232,"column":75},"end":{"line":256,"column":3}},"line":232},"10":{"name":"(anonymous_10)","decl":{"start":{"line":264,"column":23},"end":{"line":264,"column":24}},"loc":{"start":{"line":265,"column":10},"end":{"line":265,"column":54}},"line":265},"11":{"name":"PaletteColorsSectionPreview","decl":{"start":{"line":272,"column":9},"end":{"line":272,"column":36}},"loc":{"start":{"line":272,"column":39},"end":{"line":307,"column":1}},"line":272},"12":{"name":"(anonymous_12)","decl":{"start":{"line":274,"column":4},"end":{"line":274,"column":5}},"loc":{"start":{"line":274,"column":15},"end":{"line":274,"column":49}},"line":274},"13":{"name":"(anonymous_13)","decl":{"start":{"line":278,"column":61},"end":{"line":278,"column":62}},"loc":{"start":{"line":278,"column":76},"end":{"line":293,"column":3}},"line":278},"14":{"name":"(anonymous_14)","decl":{"start":{"line":301,"column":23},"end":{"line":301,"column":24}},"loc":{"start":{"line":302,"column":10},"end":{"line":302,"column":54}},"line":302},"15":{"name":"AnimatedTextPreview","decl":{"start":{"line":309,"column":9},"end":{"line":309,"column":28}},"loc":{"start":{"line":309,"column":31},"end":{"line":321,"column":1}},"line":309},"16":{"name":"(anonymous_16)","decl":{"start":{"line":312,"column":12},"end":{"line":312,"column":13}},"loc":{"start":{"line":312,"column":18},"end":{"line":318,"column":3}},"line":312},"17":{"name":"(anonymous_17)","decl":{"start":{"line":313,"column":33},"end":{"line":313,"column":34}},"loc":{"start":{"line":313,"column":39},"end":{"line":315,"column":5}},"line":313},"18":{"name":"(anonymous_18)","decl":{"start":{"line":314,"column":14},"end":{"line":314,"column":15}},"loc":{"start":{"line":314,"column":24},"end":{"line":314,"column":29}},"line":314},"19":{"name":"(anonymous_19)","decl":{"start":{"line":317,"column":11},"end":{"line":317,"column":12}},"loc":{"start":{"line":317,"column":17},"end":{"line":317,"column":40}},"line":317}},"branchMap":{},"s":{"0":0,"1":0,"2":0,"3":0,"4":0,"5":0,"6":0,"7":0,"8":0,"9":0,"10":0,"11":0,"12":0,"13":0,"14":0,"15":0,"16":0,"17":0,"18":0,"19":0,"20":0,"21":0,"22":0,"23":0,"24":0,"25":0,"26":0,"27":0,"28":0,"29":0,"30":0},"f":{"0":0,"1":0,"2":0,"3":0,"4":0,"5":0,"6":0,"7":0,"8":0,"9":0,"10":0,"11":0,"12":0,"13":0,"14":0,"15":0,"16":0,"17":0,"18":0,"19":0},"b":{}}
,"/workspaces/cards/app/(tabs)/menu.tsx": {"path":"/workspaces/cards/app/(tabs)/menu.tsx","statementMap":{"0":{"start":{"line":23,"column":24},"end":{"line":23,"column":69}},"1":{"start":{"line":23,"column":49},"end":{"line":23,"column":68}},"2":{"start":{"line":24,"column":27},"end":{"line":24,"column":75}},"3":{"start":{"line":24,"column":52},"end":{"line":24,"column":74}},"4":{"start":{"line":25,"column":17},"end":{"line":25,"column":69}},"5":{"start":{"line":25,"column":42},"end":{"line":25,"column":68}},"6":{"start":{"line":26,"column":23},"end":{"line":28,"column":3}},"7":{"start":{"line":27,"column":15},"end":{"line":27,"column":47}},"8":{"start":{"line":29,"column":19},"end":{"line":29,"column":59}},"9":{"start":{"line":29,"column":44},"end":{"line":29,"column":58}},"10":{"start":{"line":31,"column":28},"end":{"line":34,"column":3}},"11":{"start":{"line":32,"column":21},"end":{"line":32,"column":52}},"12":{"start":{"line":33,"column":4},"end":{"line":33,"column":23}},"13":{"start":{"line":36,"column":36},"end":{"line":38,"column":3}},"14":{"start":{"line":37,"column":4},"end":{"line":37,"column":37}},"15":{"start":{"line":40,"column":31},"end":{"line":55,"column":3}},"16":{"start":{"line":57,"column":2},"end":{"line":80,"column":4}},"17":{"start":{"line":66,"column":14},"end":{"line":74,"column":23}}},"fnMap":{"0":{"name":"MenuScreen","decl":{"start":{"line":22,"column":24},"end":{"line":22,"column":34}},"loc":{"start":{"line":22,"column":37},"end":{"line":81,"column":1}},"line":22},"1":{"name":"(anonymous_1)","decl":{"start":{"line":23,"column":38},"end":{"line":23,"column":39}},"loc":{"start":{"line":23,"column":49},"end":{"line":23,"column":68}},"line":23},"2":{"name":"(anonymous_2)","decl":{"start":{"line":24,"column":41},"end":{"line":24,"column":42}},"loc":{"start":{"line":24,"column":52},"end":{"line":24,"column":74}},"line":24},"3":{"name":"(anonymous_3)","decl":{"start":{"line":25,"column":31},"end":{"line":25,"column":32}},"loc":{"start":{"line":25,"column":42},"end":{"line":25,"column":68}},"line":25},"4":{"name":"(anonymous_4)","decl":{"start":{"line":27,"column":4},"end":{"line":27,"column":5}},"loc":{"start":{"line":27,"column":15},"end":{"line":27,"column":47}},"line":27},"5":{"name":"(anonymous_5)","decl":{"start":{"line":29,"column":33},"end":{"line":29,"column":34}},"loc":{"start":{"line":29,"column":44},"end":{"line":29,"column":58}},"line":29},"6":{"name":"(anonymous_6)","decl":{"start":{"line":31,"column":28},"end":{"line":31,"column":29}},"loc":{"start":{"line":31,"column":34},"end":{"line":34,"column":3}},"line":31},"7":{"name":"(anonymous_7)","decl":{"start":{"line":36,"column":36},"end":{"line":36,"column":37}},"loc":{"start":{"line":36,"column":42},"end":{"line":38,"column":3}},"line":36},"8":{"name":"(anonymous_8)","decl":{"start":{"line":65,"column":24},"end":{"line":65,"column":25}},"loc":{"start":{"line":66,"column":14},"end":{"line":74,"column":23}},"line":66}},"branchMap":{"0":{"loc":{"start":{"line":32,"column":21},"end":{"line":32,"column":52}},"type":"cond-expr","locations":[{"start":{"line":32,"column":36},"end":{"line":32,"column":42}},{"start":{"line":32,"column":45},"end":{"line":32,"column":52}}],"line":32}},"s":{"0":0,"1":0,"2":0,"3":0,"4":0,"5":0,"6":0,"7":0,"8":0,"9":0,"10":0,"11":0,"12":0,"13":0,"14":0,"15":0,"16":0,"17":0},"f":{"0":0,"1":0,"2":0,"3":0,"4":0,"5":0,"6":0,"7":0,"8":0},"b":{"0":[0,0]}}
,"/workspaces/cards/app/(tabs)/stats.tsx": {"path":"/workspaces/cards/app/(tabs)/stats.tsx","statementMap":{"0":{"start":{"line":18,"column":13},"end":{"line":18,"column":22}},"1":{"start":{"line":19,"column":18},"end":{"line":19,"column":27}},"2":{"start":{"line":20,"column":17},"end":{"line":20,"column":26}},"3":{"start":{"line":23,"column":17},"end":{"line":23,"column":63}},"4":{"start":{"line":25,"column":11},"end":{"line":74,"column":1}},"5":{"start":{"line":76,"column":18},"end":{"line":126,"column":1}},"6":{"start":{"line":129,"column":28},"end":{"line":129,"column":39}},"7":{"start":{"line":130,"column":17},"end":{"line":130,"column":29}},"8":{"start":{"line":131,"column":21},"end":{"line":131,"column":38}},"9":{"start":{"line":132,"column":25},"end":{"line":132,"column":42}},"10":{"start":{"line":133,"column":23},"end":{"line":133,"column":40}},"11":{"start":{"line":135,"column":25},"end":{"line":156,"column":3}},"12":{"start":{"line":135,"column":47},"end":{"line":156,"column":3}},"13":{"start":{"line":136,"column":4},"end":{"line":136,"column":35}},"14":{"start":{"line":136,"column":28},"end":{"line":136,"column":35}},"15":{"start":{"line":139,"column":4},"end":{"line":139,"column":60}},"16":{"start":{"line":140,"column":4},"end":{"line":147,"column":7}},"17":{"start":{"line":141,"column":6},"end":{"line":146,"column":7}},"18":{"start":{"line":142,"column":8},"end":{"line":142,"column":36}},"19":{"start":{"line":144,"column":8},"end":{"line":144,"column":64}},"20":{"start":{"line":145,"column":8},"end":{"line":145,"column":62}},"21":{"start":{"line":150,"column":4},"end":{"line":155,"column":7}},"22":{"start":{"line":158,"column":16},"end":{"line":158,"column":59}},"23":{"start":{"line":158,"column":22},"end":{"line":158,"column":59}},"24":{"start":{"line":160,"column":26},"end":{"line":164,"column":4}},"25":{"start":{"line":161,"column":4},"end":{"line":163,"column":6}},"26":{"start":{"line":166,"column":18},"end":{"line":187,"column":3}},"27":{"start":{"line":167,"column":4},"end":{"line":186,"column":11}},"28":{"start":{"line":189,"column":31},"end":{"line":192,"column":5}},"29":{"start":{"line":189,"column":55},"end":{"line":192,"column":3}},"30":{"start":{"line":194,"column":15},"end":{"line":256,"column":3}},"31":{"start":{"line":195,"column":4},"end":{"line":255,"column":20}},"32":{"start":{"line":258,"column":14},"end":{"line":283,"column":3}},"33":{"start":{"line":259,"column":4},"end":{"line":282,"column":20}},"34":{"start":{"line":273,"column":12},"end":{"line":278,"column":19}},"35":{"start":{"line":285,"column":2},"end":{"line":298,"column":4}},"36":{"start":{"line":301,"column":15},"end":{"line":366,"column":2}}},"fnMap":{"0":{"name":"HomeScreen","decl":{"start":{"line":128,"column":24},"end":{"line":128,"column":34}},"loc":{"start":{"line":128,"column":37},"end":{"line":299,"column":1}},"line":128},"1":{"name":"(anonymous_1)","decl":{"start":{"line":135,"column":25},"end":{"line":135,"column":26}},"loc":{"start":{"line":135,"column":47},"end":{"line":156,"column":3}},"line":135},"2":{"name":"(anonymous_2)","decl":{"start":{"line":135,"column":47},"end":{"line":135,"column":48}},"loc":{"start":{"line":135,"column":53},"end":{"line":156,"column":3}},"line":135},"3":{"name":"(anonymous_3)","decl":{"start":{"line":140,"column":61},"end":{"line":140,"column":62}},"loc":{"start":{"line":140,"column":75},"end":{"line":147,"column":5}},"line":140},"4":{"name":"(anonymous_4)","decl":{"start":{"line":158,"column":16},"end":{"line":158,"column":17}},"loc":{"start":{"line":158,"column":22},"end":{"line":158,"column":59}},"line":158},"5":{"name":"(anonymous_5)","decl":{"start":{"line":160,"column":43},"end":{"line":160,"column":44}},"loc":{"start":{"line":160,"column":49},"end":{"line":164,"column":3}},"line":160},"6":{"name":"(anonymous_6)","decl":{"start":{"line":166,"column":18},"end":{"line":166,"column":19}},"loc":{"start":{"line":167,"column":4},"end":{"line":186,"column":11}},"line":167},"7":{"name":"(anonymous_7)","decl":{"start":{"line":189,"column":48},"end":{"line":189,"column":49}},"loc":{"start":{"line":189,"column":55},"end":{"line":192,"column":3}},"line":189},"8":{"name":"(anonymous_8)","decl":{"start":{"line":194,"column":15},"end":{"line":194,"column":16}},"loc":{"start":{"line":195,"column":4},"end":{"line":255,"column":20}},"line":195},"9":{"name":"(anonymous_9)","decl":{"start":{"line":258,"column":14},"end":{"line":258,"column":15}},"loc":{"start":{"line":259,"column":4},"end":{"line":282,"column":20}},"line":259},"10":{"name":"(anonymous_10)","decl":{"start":{"line":272,"column":32},"end":{"line":272,"column":33}},"loc":{"start":{"line":273,"column":12},"end":{"line":278,"column":19}},"line":273}},"branchMap":{"0":{"loc":{"start":{"line":136,"column":4},"end":{"line":136,"column":35}},"type":"if","locations":[{"start":{"line":136,"column":4},"end":{"line":136,"column":35}},{"start":{},"end":{}}],"line":136},"1":{"loc":{"start":{"line":141,"column":6},"end":{"line":146,"column":7}},"type":"if","locations":[{"start":{"line":141,"column":6},"end":{"line":146,"column":7}},{"start":{},"end":{}}],"line":141}},"s":{"0":0,"1":0,"2":0,"3":0,"4":0,"5":0,"6":0,"7":0,"8":0,"9":0,"10":0,"11":0,"12":0,"13":0,"14":0,"15":0,"16":0,"17":0,"18":0,"19":0,"20":0,"21":0,"22":0,"23":0,"24":0,"25":0,"26":0,"27":0,"28":0,"29":0,"30":0,"31":0,"32":0,"33":0,"34":0,"35":0,"36":0},"f":{"0":0,"1":0,"2":0,"3":0,"4":0,"5":0,"6":0,"7":0,"8":0,"9":0,"10":0},"b":{"0":[0,0],"1":[0,0]}}
,"/workspaces/cards/components/BarChart.tsx": {"path":"/workspaces/cards/components/BarChart.tsx","statementMap":{"0":{"start":{"line":11,"column":13},"end":{"line":11,"column":22}},"1":{"start":{"line":12,"column":18},"end":{"line":12,"column":27}},"2":{"start":{"line":13,"column":17},"end":{"line":13,"column":26}},"3":{"start":{"line":15,"column":16},"end":{"line":15,"column":62}},"4":{"start":{"line":16,"column":17},"end":{"line":16,"column":63}},"5":{"start":{"line":18,"column":11},"end":{"line":67,"column":1}},"6":{"start":{"line":70,"column":28},"end":{"line":70,"column":39}},"7":{"start":{"line":72,"column":26},"end":{"line":72,"column":38}},"8":{"start":{"line":74,"column":25},"end":{"line":76,"column":3}},"9":{"start":{"line":74,"column":44},"end":{"line":76,"column":3}},"10":{"start":{"line":75,"column":4},"end":{"line":75,"column":20}},"11":{"start":{"line":78,"column":20},"end":{"line":81,"column":4}},"12":{"start":{"line":78,"column":36},"end":{"line":81,"column":3}},"13":{"start":{"line":83,"column":16},"end":{"line":83,"column":64}},"14":{"start":{"line":83,"column":22},"end":{"line":83,"column":64}},"15":{"start":{"line":85,"column":18},"end":{"line":97,"column":3}},"16":{"start":{"line":86,"column":4},"end":{"line":96,"column":11}},"17":{"start":{"line":99,"column":15},"end":{"line":120,"column":3}},"18":{"start":{"line":100,"column":4},"end":{"line":119,"column":11}},"19":{"start":{"line":122,"column":14},"end":{"line":145,"column":3}},"20":{"start":{"line":123,"column":4},"end":{"line":144,"column":11}},"21":{"start":{"line":135,"column":12},"end":{"line":140,"column":19}},"22":{"start":{"line":147,"column":2},"end":{"line":156,"column":4}},"23":{"start":{"line":159,"column":15},"end":{"line":208,"column":2}}},"fnMap":{"0":{"name":"HomeScreen","decl":{"start":{"line":69,"column":24},"end":{"line":69,"column":34}},"loc":{"start":{"line":69,"column":37},"end":{"line":157,"column":1}},"line":69},"1":{"name":"(anonymous_1)","decl":{"start":{"line":74,"column":25},"end":{"line":74,"column":26}},"loc":{"start":{"line":74,"column":44},"end":{"line":76,"column":3}},"line":74},"2":{"name":"(anonymous_2)","decl":{"start":{"line":74,"column":44},"end":{"line":74,"column":45}},"loc":{"start":{"line":74,"column":50},"end":{"line":76,"column":3}},"line":74},"3":{"name":"(anonymous_3)","decl":{"start":{"line":78,"column":20},"end":{"line":78,"column":21}},"loc":{"start":{"line":78,"column":36},"end":{"line":81,"column":3}},"line":78},"4":{"name":"(anonymous_4)","decl":{"start":{"line":83,"column":16},"end":{"line":83,"column":17}},"loc":{"start":{"line":83,"column":22},"end":{"line":83,"column":64}},"line":83},"5":{"name":"(anonymous_5)","decl":{"start":{"line":85,"column":18},"end":{"line":85,"column":19}},"loc":{"start":{"line":86,"column":4},"end":{"line":96,"column":11}},"line":86},"6":{"name":"(anonymous_6)","decl":{"start":{"line":99,"column":15},"end":{"line":99,"column":16}},"loc":{"start":{"line":100,"column":4},"end":{"line":119,"column":11}},"line":100},"7":{"name":"(anonymous_7)","decl":{"start":{"line":122,"column":14},"end":{"line":122,"column":15}},"loc":{"start":{"line":123,"column":4},"end":{"line":144,"column":11}},"line":123},"8":{"name":"(anonymous_8)","decl":{"start":{"line":134,"column":32},"end":{"line":134,"column":33}},"loc":{"start":{"line":135,"column":12},"end":{"line":140,"column":19}},"line":135}},"branchMap":{"0":{"loc":{"start":{"line":80,"column":21},"end":{"line":80,"column":60}},"type":"cond-expr","locations":[{"start":{"line":80,"column":35},"end":{"line":80,"column":44}},{"start":{"line":80,"column":47},"end":{"line":80,"column":60}}],"line":80}},"s":{"0":0,"1":0,"2":0,"3":0,"4":0,"5":0,"6":0,"7":0,"8":0,"9":0,"10":0,"11":0,"12":0,"13":0,"14":0,"15":0,"16":0,"17":0,"18":0,"19":0,"20":0,"21":0,"22":0,"23":0},"f":{"0":0,"1":0,"2":0,"3":0,"4":0,"5":0,"6":0,"7":0,"8":0},"b":{"0":[0,0]}}
,"/workspaces/cards/components/Carousel.tsx": {"path":"/workspaces/cards/components/Carousel.tsx","statementMap":{"0":{"start":{"line":16,"column":20},"end":{"line":46,"column":1}},"1":{"start":{"line":20,"column":18},"end":{"line":24,"column":4}},"2":{"start":{"line":26,"column":16},"end":{"line":30,"column":4}},"3":{"start":{"line":32,"column":2},"end":{"line":45,"column":4}},"4":{"start":{"line":48,"column":26},"end":{"line":48,"column":69}},"5":{"start":{"line":67,"column":24},"end":{"line":122,"column":2}},"6":{"start":{"line":71,"column":36},"end":{"line":71,"column":73}},"7":{"start":{"line":72,"column":32},"end":{"line":72,"column":69}},"8":{"start":{"line":73,"column":33},"end":{"line":73,"column":70}},"9":{"start":{"line":74,"column":27},"end":{"line":74,"column":46}},"10":{"start":{"line":76,"column":2},"end":{"line":121,"column":4}},"11":{"start":{"line":98,"column":16},"end":{"line":98,"column":70}},"12":{"start":{"line":99,"column":14},"end":{"line":99,"column":50}},"13":{"start":{"line":100,"column":14},"end":{"line":100,"column":49}},"14":{"start":{"line":107,"column":10},"end":{"line":117,"column":24}},"15":{"start":{"line":124,"column":15},"end":{"line":131,"column":2}}},"fnMap":{"0":{"name":"(anonymous_0)","decl":{"start":{"line":16,"column":20},"end":{"line":16,"column":21}},"loc":{"start":{"line":19,"column":24},"end":{"line":46,"column":1}},"line":19},"1":{"name":"CarouselInner","decl":{"start":{"line":67,"column":50},"end":{"line":67,"column":63}},"loc":{"start":{"line":70,"column":2},"end":{"line":122,"column":1}},"line":70},"2":{"name":"(anonymous_2)","decl":{"start":{"line":96,"column":22},"end":{"line":96,"column":23}},"loc":{"start":{"line":96,"column":57},"end":{"line":101,"column":13}},"line":96},"3":{"name":"(anonymous_3)","decl":{"start":{"line":106,"column":19},"end":{"line":106,"column":20}},"loc":{"start":{"line":107,"column":10},"end":{"line":117,"column":24}},"line":107}},"branchMap":{"0":{"loc":{"start":{"line":68,"column":38},"end":{"line":68,"column":53}},"type":"default-arg","locations":[{"start":{"line":68,"column":52},"end":{"line":68,"column":53}}],"line":68},"1":{"loc":{"start":{"line":98,"column":16},"end":{"line":98,"column":70}},"type":"cond-expr","locations":[{"start":{"line":98,"column":54},"end":{"line":98,"column":61}},{"start":{"line":98,"column":64},"end":{"line":98,"column":70}}],"line":98}},"s":{"0":0,"1":0,"2":0,"3":0,"4":0,"5":0,"6":0,"7":0,"8":0,"9":0,"10":0,"11":0,"12":0,"13":0,"14":0,"15":0},"f":{"0":0,"1":0,"2":0,"3":0},"b":{"0":[0],"1":[0,0]}}
,"/workspaces/cards/components/Collapsible.tsx": {"path":"/workspaces/cards/components/Collapsible.tsx","statementMap":{"0":{"start":{"line":13,"column":27},"end":{"line":37,"column":1}},"1":{"start":{"line":18,"column":30},"end":{"line":18,"column":45}},"2":{"start":{"line":20,"column":2},"end":{"line":36,"column":4}},"3":{"start":{"line":24,"column":23},"end":{"line":24,"column":51}},"4":{"start":{"line":24,"column":44},"end":{"line":24,"column":50}},"5":{"start":{"line":39,"column":15},"end":{"line":49,"column":2}}},"fnMap":{"0":{"name":"(anonymous_0)","decl":{"start":{"line":13,"column":27},"end":{"line":13,"column":28}},"loc":{"start":{"line":17,"column":24},"end":{"line":37,"column":1}},"line":17},"1":{"name":"(anonymous_1)","decl":{"start":{"line":24,"column":17},"end":{"line":24,"column":18}},"loc":{"start":{"line":24,"column":23},"end":{"line":24,"column":51}},"line":24},"2":{"name":"(anonymous_2)","decl":{"start":{"line":24,"column":33},"end":{"line":24,"column":34}},"loc":{"start":{"line":24,"column":44},"end":{"line":24,"column":50}},"line":24}},"branchMap":{"0":{"loc":{"start":{"line":29,"column":41},"end":{"line":29,"column":66}},"type":"cond-expr","locations":[{"start":{"line":29,"column":50},"end":{"line":29,"column":57}},{"start":{"line":29,"column":60},"end":{"line":29,"column":66}}],"line":29},"1":{"loc":{"start":{"line":34,"column":7},"end":{"line":34,"column":63}},"type":"binary-expr","locations":[{"start":{"line":34,"column":7},"end":{"line":34,"column":13}},{"start":{"line":34,"column":17},"end":{"line":34,"column":63}}],"line":34}},"s":{"0":0,"1":0,"2":0,"3":0,"4":0,"5":0},"f":{"0":0,"1":0,"2":0},"b":{"0":[0,0],"1":[0,0]}}
,"/workspaces/cards/components/DatabaseInitializer.tsx": {"path":"/workspaces/cards/components/DatabaseInitializer.tsx","statementMap":{"0":{"start":{"line":10,"column":35},"end":{"line":26,"column":1}},"1":{"start":{"line":11,"column":13},"end":{"line":11,"column":31}},"2":{"start":{"line":12,"column":16},"end":{"line":12,"column":53}},"3":{"start":{"line":12,"column":41},"end":{"line":12,"column":52}},"4":{"start":{"line":13,"column":42},"end":{"line":13,"column":57}},"5":{"start":{"line":15,"column":2},"end":{"line":21,"column":32}},"6":{"start":{"line":16,"column":4},"end":{"line":20,"column":5}},"7":{"start":{"line":17,"column":6},"end":{"line":17,"column":16}},"8":{"start":{"line":18,"column":6},"end":{"line":18,"column":28}},"9":{"start":{"line":19,"column":6},"end":{"line":19,"column":61}},"10":{"start":{"line":23,"column":2},"end":{"line":23,"column":33}},"11":{"start":{"line":23,"column":21},"end":{"line":23,"column":33}},"12":{"start":{"line":25,"column":2},"end":{"line":25,"column":25}}},"fnMap":{"0":{"name":"(anonymous_0)","decl":{"start":{"line":10,"column":35},"end":{"line":10,"column":36}},"loc":{"start":{"line":10,"column":79},"end":{"line":26,"column":1}},"line":10},"1":{"name":"(anonymous_1)","decl":{"start":{"line":12,"column":30},"end":{"line":12,"column":31}},"loc":{"start":{"line":12,"column":41},"end":{"line":12,"column":52}},"line":12},"2":{"name":"(anonymous_2)","decl":{"start":{"line":15,"column":12},"end":{"line":15,"column":13}},"loc":{"start":{"line":15,"column":18},"end":{"line":21,"column":3}},"line":15}},"branchMap":{"0":{"loc":{"start":{"line":16,"column":4},"end":{"line":20,"column":5}},"type":"if","locations":[{"start":{"line":16,"column":4},"end":{"line":20,"column":5}},{"start":{},"end":{}}],"line":16},"1":{"loc":{"start":{"line":16,"column":8},"end":{"line":16,"column":27}},"type":"binary-expr","locations":[{"start":{"line":16,"column":8},"end":{"line":16,"column":10}},{"start":{"line":16,"column":14},"end":{"line":16,"column":27}}],"line":16},"2":{"loc":{"start":{"line":23,"column":2},"end":{"line":23,"column":33}},"type":"if","locations":[{"start":{"line":23,"column":2},"end":{"line":23,"column":33}},{"start":{},"end":{}}],"line":23}},"s":{"0":0,"1":0,"2":0,"3":0,"4":0,"5":0,"6":0,"7":0,"8":0,"9":0,"10":0,"11":0,"12":0},"f":{"0":0,"1":0,"2":0},"b":{"0":[0,0],"1":[0,0],"2":[0,0]}}
,"/workspaces/cards/components/ExternalLink.tsx": {"path":"/workspaces/cards/components/ExternalLink.tsx","statementMap":{"0":{"start":{"line":10,"column":28},"end":{"line":26,"column":1}},"1":{"start":{"line":11,"column":2},"end":{"line":25,"column":4}},"2":{"start":{"line":16,"column":8},"end":{"line":21,"column":9}},"3":{"start":{"line":18,"column":10},"end":{"line":18,"column":33}},"4":{"start":{"line":20,"column":10},"end":{"line":20,"column":39}}},"fnMap":{"0":{"name":"(anonymous_0)","decl":{"start":{"line":10,"column":28},"end":{"line":10,"column":29}},"loc":{"start":{"line":10,"column":75},"end":{"line":26,"column":1}},"line":10},"1":{"name":"(anonymous_1)","decl":{"start":{"line":15,"column":15},"end":{"line":15,"column":16}},"loc":{"start":{"line":15,"column":32},"end":{"line":22,"column":7}},"line":15}},"branchMap":{"0":{"loc":{"start":{"line":16,"column":8},"end":{"line":21,"column":9}},"type":"if","locations":[{"start":{"line":16,"column":8},"end":{"line":21,"column":9}},{"start":{},"end":{}}],"line":16}},"s":{"0":0,"1":0,"2":0,"3":0,"4":0},"f":{"0":0,"1":0},"b":{"0":[0,0]}}
,"/workspaces/cards/components/HapticTab.tsx": {"path":"/workspaces/cards/components/HapticTab.tsx","statementMap":{"0":{"start":{"line":5,"column":25},"end":{"line":18,"column":1}},"1":{"start":{"line":6,"column":2},"end":{"line":17,"column":4}},"2":{"start":{"line":9,"column":8},"end":{"line":12,"column":9}},"3":{"start":{"line":11,"column":10},"end":{"line":11,"column":65}},"4":{"start":{"line":13,"column":8},"end":{"line":13,"column":48}}},"fnMap":{"0":{"name":"(anonymous_0)","decl":{"start":{"line":5,"column":25},"end":{"line":5,"column":26}},"loc":{"start":{"line":5,"column":79},"end":{"line":18,"column":1}},"line":5},"1":{"name":"(anonymous_1)","decl":{"start":{"line":8,"column":17},"end":{"line":8,"column":18}},"loc":{"start":{"line":8,"column":25},"end":{"line":14,"column":7}},"line":8}},"branchMap":{"0":{"loc":{"start":{"line":9,"column":8},"end":{"line":12,"column":9}},"type":"if","locations":[{"start":{"line":9,"column":8},"end":{"line":12,"column":9}},{"start":{},"end":{}}],"line":9}},"s":{"0":0,"1":0,"2":0,"3":0,"4":0},"f":{"0":0,"1":0},"b":{"0":[0,0]}}
,"/workspaces/cards/components/HorizontalLine.tsx": {"path":"/workspaces/cards/components/HorizontalLine.tsx","statementMap":{"0":{"start":{"line":10,"column":30},"end":{"line":25,"column":1}},"1":{"start":{"line":15,"column":17},"end":{"line":15,"column":69}},"2":{"start":{"line":15,"column":42},"end":{"line":15,"column":68}},"3":{"start":{"line":17,"column":2},"end":{"line":24,"column":4}},"4":{"start":{"line":27,"column":15},"end":{"line":37,"column":2}}},"fnMap":{"0":{"name":"(anonymous_0)","decl":{"start":{"line":10,"column":30},"end":{"line":10,"column":31}},"loc":{"start":{"line":14,"column":27},"end":{"line":25,"column":1}},"line":14},"1":{"name":"(anonymous_1)","decl":{"start":{"line":15,"column":31},"end":{"line":15,"column":32}},"loc":{"start":{"line":15,"column":42},"end":{"line":15,"column":68}},"line":15}},"branchMap":{},"s":{"0":0,"1":0,"2":0,"3":0,"4":0},"f":{"0":0,"1":0},"b":{}}
,"/workspaces/cards/components/Initializer.tsx": {"path":"/workspaces/cards/components/Initializer.tsx","statementMap":{"0":{"start":{"line":9,"column":27},"end":{"line":36,"column":1}},"1":{"start":{"line":10,"column":25},"end":{"line":10,"column":71}},"2":{"start":{"line":10,"column":50},"end":{"line":10,"column":70}},"3":{"start":{"line":11,"column":22},"end":{"line":11,"column":65}},"4":{"start":{"line":11,"column":47},"end":{"line":11,"column":64}},"5":{"start":{"line":12,"column":22},"end":{"line":12,"column":57}},"6":{"start":{"line":14,"column":44},"end":{"line":14,"column":59}},"7":{"start":{"line":16,"column":2},"end":{"line":29,"column":64}},"8":{"start":{"line":17,"column":4},"end":{"line":17,"column":46}},"9":{"start":{"line":17,"column":39},"end":{"line":17,"column":46}},"10":{"start":{"line":19,"column":17},"end":{"line":26,"column":5}},"11":{"start":{"line":20,"column":6},"end":{"line":25,"column":7}},"12":{"start":{"line":21,"column":8},"end":{"line":21,"column":28}},"13":{"start":{"line":22,"column":8},"end":{"line":22,"column":25}},"14":{"start":{"line":24,"column":8},"end":{"line":24,"column":31}},"15":{"start":{"line":28,"column":4},"end":{"line":28,"column":11}},"16":{"start":{"line":31,"column":2},"end":{"line":33,"column":3}},"17":{"start":{"line":32,"column":4},"end":{"line":32,"column":16}},"18":{"start":{"line":35,"column":2},"end":{"line":35,"column":25}}},"fnMap":{"0":{"name":"(anonymous_0)","decl":{"start":{"line":9,"column":27},"end":{"line":9,"column":28}},"loc":{"start":{"line":9,"column":63},"end":{"line":36,"column":1}},"line":9},"1":{"name":"(anonymous_1)","decl":{"start":{"line":10,"column":39},"end":{"line":10,"column":40}},"loc":{"start":{"line":10,"column":50},"end":{"line":10,"column":70}},"line":10},"2":{"name":"(anonymous_2)","decl":{"start":{"line":11,"column":36},"end":{"line":11,"column":37}},"loc":{"start":{"line":11,"column":47},"end":{"line":11,"column":64}},"line":11},"3":{"name":"(anonymous_3)","decl":{"start":{"line":16,"column":12},"end":{"line":16,"column":13}},"loc":{"start":{"line":16,"column":18},"end":{"line":29,"column":3}},"line":16},"4":{"name":"(anonymous_4)","decl":{"start":{"line":19,"column":17},"end":{"line":19,"column":18}},"loc":{"start":{"line":19,"column":29},"end":{"line":26,"column":5}},"line":19}},"branchMap":{"0":{"loc":{"start":{"line":17,"column":4},"end":{"line":17,"column":46}},"type":"if","locations":[{"start":{"line":17,"column":4},"end":{"line":17,"column":46}},{"start":{},"end":{}}],"line":17},"1":{"loc":{"start":{"line":17,"column":8},"end":{"line":17,"column":37}},"type":"binary-expr","locations":[{"start":{"line":17,"column":8},"end":{"line":17,"column":20}},{"start":{"line":17,"column":24},"end":{"line":17,"column":37}}],"line":17},"2":{"loc":{"start":{"line":31,"column":2},"end":{"line":33,"column":3}},"type":"if","locations":[{"start":{"line":31,"column":2},"end":{"line":33,"column":3}},{"start":{},"end":{}}],"line":31},"3":{"loc":{"start":{"line":31,"column":6},"end":{"line":31,"column":36}},"type":"binary-expr","locations":[{"start":{"line":31,"column":6},"end":{"line":31,"column":18}},{"start":{"line":31,"column":22},"end":{"line":31,"column":36}}],"line":31}},"s":{"0":0,"1":0,"2":0,"3":0,"4":0,"5":0,"6":0,"7":0,"8":0,"9":0,"10":0,"11":0,"12":0,"13":0,"14":0,"15":0,"16":0,"17":0,"18":0},"f":{"0":0,"1":0,"2":0,"3":0,"4":0},"b":{"0":[0,0],"1":[0,0],"2":[0,0],"3":[0,0]}}
,"/workspaces/cards/components/IntervalCard.tsx": {"path":"/workspaces/cards/components/IntervalCard.tsx","statementMap":{"0":{"start":{"line":6,"column":28},"end":{"line":12,"column":1}},"1":{"start":{"line":7,"column":2},"end":{"line":11,"column":4}}},"fnMap":{"0":{"name":"(anonymous_0)","decl":{"start":{"line":6,"column":28},"end":{"line":6,"column":29}},"loc":{"start":{"line":6,"column":34},"end":{"line":12,"column":1}},"line":6}},"branchMap":{},"s":{"0":0,"1":0},"f":{"0":0},"b":{}}
,"/workspaces/cards/components/ProgressBar.tsx": {"path":"/workspaces/cards/components/ProgressBar.tsx","statementMap":{"0":{"start":{"line":10,"column":27},"end":{"line":47,"column":1}},"1":{"start":{"line":17,"column":2},"end":{"line":46,"column":4}},"2":{"start":{"line":29,"column":25},"end":{"line":29,"column":59}},"3":{"start":{"line":30,"column":29},"end":{"line":30,"column":63}},"4":{"start":{"line":32,"column":8},"end":{"line":43,"column":10}}},"fnMap":{"0":{"name":"(anonymous_0)","decl":{"start":{"line":10,"column":27},"end":{"line":10,"column":28}},"loc":{"start":{"line":16,"column":6},"end":{"line":47,"column":1}},"line":16},"1":{"name":"(anonymous_1)","decl":{"start":{"line":28,"column":17},"end":{"line":28,"column":18}},"loc":{"start":{"line":28,"column":34},"end":{"line":44,"column":7}},"line":28}},"branchMap":{"0":{"loc":{"start":{"line":29,"column":25},"end":{"line":29,"column":59}},"type":"cond-expr","locations":[{"start":{"line":29,"column":37},"end":{"line":29,"column":55}},{"start":{"line":29,"column":58},"end":{"line":29,"column":59}}],"line":29},"1":{"loc":{"start":{"line":30,"column":29},"end":{"line":30,"column":63}},"type":"cond-expr","locations":[{"start":{"line":30,"column":58},"end":{"line":30,"column":59}},{"start":{"line":30,"column":62},"end":{"line":30,"column":63}}],"line":30}},"s":{"0":0,"1":0,"2":0,"3":0,"4":0},"f":{"0":0,"1":0},"b":{"0":[0,0],"1":[0,0]}}
,"/workspaces/cards/components/StatusBar.tsx": {"path":"/workspaces/cards/components/StatusBar.tsx","statementMap":{"0":{"start":{"line":7,"column":25},"end":{"line":14,"column":1}},"1":{"start":{"line":8,"column":23},"end":{"line":10,"column":3}},"2":{"start":{"line":9,"column":15},"end":{"line":9,"column":47}},"3":{"start":{"line":11,"column":25},"end":{"line":11,"column":56}},"4":{"start":{"line":13,"column":2},"end":{"line":13,"column":48}}},"fnMap":{"0":{"name":"(anonymous_0)","decl":{"start":{"line":7,"column":25},"end":{"line":7,"column":26}},"loc":{"start":{"line":7,"column":31},"end":{"line":14,"column":1}},"line":7},"1":{"name":"(anonymous_1)","decl":{"start":{"line":9,"column":4},"end":{"line":9,"column":5}},"loc":{"start":{"line":9,"column":15},"end":{"line":9,"column":47}},"line":9}},"branchMap":{"0":{"loc":{"start":{"line":11,"column":25},"end":{"line":11,"column":56}},"type":"cond-expr","locations":[{"start":{"line":11,"column":40},"end":{"line":11,"column":46}},{"start":{"line":11,"column":49},"end":{"line":11,"column":56}}],"line":11}},"s":{"0":0,"1":0,"2":0,"3":0,"4":0},"f":{"0":0,"1":0},"b":{"0":[0,0]}}
,"/workspaces/cards/components/Swipe.tsx": {"path":"/workspaces/cards/components/Swipe.tsx","statementMap":{"0":{"start":{"line":28,"column":44},"end":{"line":101,"column":1}},"1":{"start":{"line":33,"column":17},"end":{"line":33,"column":69}},"2":{"start":{"line":33,"column":42},"end":{"line":33,"column":68}},"3":{"start":{"line":35,"column":19},"end":{"line":35,"column":36}},"4":{"start":{"line":36,"column":18},"end":{"line":36,"column":35}},"5":{"start":{"line":37,"column":20},"end":{"line":37,"column":41}},"6":{"start":{"line":40,"column":27},"end":{"line":40,"column":32}},"7":{"start":{"line":42,"column":21},"end":{"line":79,"column":18}},"8":{"start":{"line":44,"column":6},"end":{"line":44,"column":38}},"9":{"start":{"line":47,"column":6},"end":{"line":77,"column":7}},"10":{"start":{"line":48,"column":31},"end":{"line":48,"column":68}},"11":{"start":{"line":51,"column":8},"end":{"line":54,"column":9}},"12":{"start":{"line":52,"column":10},"end":{"line":52,"column":60}},"13":{"start":{"line":53,"column":10},"end":{"line":53,"column":17}},"14":{"start":{"line":57,"column":10},"end":{"line":57,"column":75}},"15":{"start":{"line":59,"column":8},"end":{"line":74,"column":10}},"16":{"start":{"line":63,"column":12},"end":{"line":72,"column":13}},"17":{"start":{"line":64,"column":14},"end":{"line":71,"column":17}},"18":{"start":{"line":65,"column":16},"end":{"line":70,"column":17}},"19":{"start":{"line":66,"column":18},"end":{"line":66,"column":56}},"20":{"start":{"line":67,"column":18},"end":{"line":67,"column":51}},"21":{"start":{"line":68,"column":18},"end":{"line":68,"column":68}},"22":{"start":{"line":69,"column":18},"end":{"line":69,"column":67}},"23":{"start":{"line":76,"column":8},"end":{"line":76,"column":58}},"24":{"start":{"line":81,"column":24},"end":{"line":84,"column":5}},"25":{"start":{"line":81,"column":48},"end":{"line":84,"column":3}},"26":{"start":{"line":86,"column":2},"end":{"line":100,"column":4}},"27":{"start":{"line":103,"column":15},"end":{"line":114,"column":2}}},"fnMap":{"0":{"name":"(anonymous_0)","decl":{"start":{"line":28,"column":44},"end":{"line":28,"column":45}},"loc":{"start":{"line":32,"column":6},"end":{"line":101,"column":1}},"line":32},"1":{"name":"(anonymous_1)","decl":{"start":{"line":33,"column":31},"end":{"line":33,"column":32}},"loc":{"start":{"line":33,"column":42},"end":{"line":33,"column":68}},"line":33},"2":{"name":"(anonymous_2)","decl":{"start":{"line":43,"column":14},"end":{"line":43,"column":15}},"loc":{"start":{"line":43,"column":21},"end":{"line":45,"column":5}},"line":43},"3":{"name":"(anonymous_3)","decl":{"start":{"line":46,"column":11},"end":{"line":46,"column":12}},"loc":{"start":{"line":46,"column":18},"end":{"line":78,"column":5}},"line":46},"4":{"name":"(anonymous_4)","decl":{"start":{"line":62,"column":10},"end":{"line":62,"column":11}},"loc":{"start":{"line":62,"column":24},"end":{"line":73,"column":11}},"line":62},"5":{"name":"(anonymous_5)","decl":{"start":{"line":64,"column":63},"end":{"line":64,"column":64}},"loc":{"start":{"line":64,"column":77},"end":{"line":71,"column":15}},"line":64},"6":{"name":"(anonymous_6)","decl":{"start":{"line":81,"column":41},"end":{"line":81,"column":42}},"loc":{"start":{"line":81,"column":48},"end":{"line":84,"column":3}},"line":81}},"branchMap":{"0":{"loc":{"start":{"line":47,"column":6},"end":{"line":77,"column":7}},"type":"if","locations":[{"start":{"line":47,"column":6},"end":{"line":77,"column":7}},{"start":{"line":75,"column":13},"end":{"line":77,"column":7}}],"line":47},"1":{"loc":{"start":{"line":48,"column":31},"end":{"line":48,"column":68}},"type":"cond-expr","locations":[{"start":{"line":48,"column":52},"end":{"line":48,"column":59}},{"start":{"line":48,"column":62},"end":{"line":48,"column":68}}],"line":48},"2":{"loc":{"start":{"line":51,"column":8},"end":{"line":54,"column":9}},"type":"if","locations":[{"start":{"line":51,"column":8},"end":{"line":54,"column":9}},{"start":{},"end":{}}],"line":51},"3":{"loc":{"start":{"line":51,"column":12},"end":{"line":51,"column":51}},"type":"binary-expr","locations":[{"start":{"line":51,"column":12},"end":{"line":51,"column":21}},{"start":{"line":51,"column":25},"end":{"line":51,"column":51}}],"line":51},"4":{"loc":{"start":{"line":57,"column":10},"end":{"line":57,"column":75}},"type":"cond-expr","locations":[{"start":{"line":57,"column":39},"end":{"line":57,"column":55}},{"start":{"line":57,"column":58},"end":{"line":57,"column":75}}],"line":57},"5":{"loc":{"start":{"line":63,"column":12},"end":{"line":72,"column":13}},"type":"if","locations":[{"start":{"line":63,"column":12},"end":{"line":72,"column":13}},{"start":{},"end":{}}],"line":63},"6":{"loc":{"start":{"line":65,"column":16},"end":{"line":70,"column":17}},"type":"if","locations":[{"start":{"line":65,"column":16},"end":{"line":70,"column":17}},{"start":{},"end":{}}],"line":65}},"s":{"0":0,"1":0,"2":0,"3":0,"4":0,"5":0,"6":0,"7":0,"8":0,"9":0,"10":0,"11":0,"12":0,"13":0,"14":0,"15":0,"16":0,"17":0,"18":0,"19":0,"20":0,"21":0,"22":0,"23":0,"24":0,"25":0,"26":0,"27":0},"f":{"0":0,"1":0,"2":0,"3":0,"4":0,"5":0,"6":0},"b":{"0":[0,0],"1":[0,0],"2":[0,0],"3":[0,0],"4":[0,0],"5":[0,0],"6":[0,0]}}
,"/workspaces/cards/components/Switch.tsx": {"path":"/workspaces/cards/components/Switch.tsx","statementMap":{"0":{"start":{"line":5,"column":22},"end":{"line":17,"column":1}},"1":{"start":{"line":6,"column":29},"end":{"line":6,"column":69}},"2":{"start":{"line":8,"column":2},"end":{"line":16,"column":4}}},"fnMap":{"0":{"name":"(anonymous_0)","decl":{"start":{"line":5,"column":22},"end":{"line":5,"column":23}},"loc":{"start":{"line":5,"column":66},"end":{"line":17,"column":1}},"line":5}},"branchMap":{"0":{"loc":{"start":{"line":6,"column":29},"end":{"line":6,"column":69}},"type":"cond-expr","locations":[{"start":{"line":6,"column":37},"end":{"line":6,"column":50}},{"start":{"line":6,"column":53},"end":{"line":6,"column":69}}],"line":6}},"s":{"0":0,"1":0,"2":0},"f":{"0":0},"b":{"0":[0,0]}}
[...]
22,"column":4},"end":{"line":122,"column":24}},"49":{"start":{"line":124,"column":4},"end":{"line":124,"column":15}}},"fnMap":{"0":{"name":"(anonymous_0)","decl":{"start":{"line":14,"column":4},"end":{"line":14,"column":5}},"loc":{"start":{"line":14,"column":19},"end":{"line":118,"column":1}},"line":14},"1":{"name":"(anonymous_1)","decl":{"start":{"line":17,"column":9},"end":{"line":17,"column":10}},"loc":{"start":{"line":17,"column":23},"end":{"line":17,"column":45}},"line":17},"2":{"name":"(anonymous_2)","decl":{"start":{"line":18,"column":2},"end":{"line":18,"column":3}},"loc":{"start":{"line":18,"column":10},"end":{"line":24,"column":3}},"line":18},"3":{"name":"(anonymous_3)","decl":{"start":{"line":25,"column":15},"end":{"line":25,"column":16}},"loc":{"start":{"line":25,"column":27},"end":{"line":36,"column":3}},"line":25},"4":{"name":"(anonymous_4)","decl":{"start":{"line":37,"column":21},"end":{"line":37,"column":22}},"loc":{"start":{"line":37,"column":63},"end":{"line":54,"column":3}},"line":37},"5":{"name":"(anonymous_5)","decl":{"start":{"line":55,"column":19},"end":{"line":55,"column":20}},"loc":{"start":{"line":55,"column":33},"end":{"line":65,"column":3}},"line":55},"6":{"name":"(anonymous_6)","decl":{"start":{"line":66,"column":20},"end":{"line":66,"column":21}},"loc":{"start":{"line":66,"column":32},"end":{"line":88,"column":3}},"line":66},"7":{"name":"(anonymous_7)","decl":{"start":{"line":89,"column":12},"end":{"line":89,"column":13}},"loc":{"start":{"line":89,"column":24},"end":{"line":102,"column":3}},"line":89},"8":{"name":"(anonymous_8)","decl":{"start":{"line":103,"column":15},"end":{"line":103,"column":16}},"loc":{"start":{"line":103,"column":27},"end":{"line":113,"column":3}},"line":103},"9":{"name":"(anonymous_9)","decl":{"start":{"line":114,"column":17},"end":{"line":114,"column":18}},"loc":{"start":{"line":114,"column":29},"end":{"line":117,"column":3}},"line":114},"10":{"name":"getCardDictionary","decl":{"start":{"line":120,"column":9},"end":{"line":120,"column":26}},"loc":{"start":{"line":120,"column":45},"end":{"line":126,"column":1}},"line":120},"11":{"name":"(anonymous_11)","decl":{"start":{"line":121,"column":47},"end":{"line":121,"column":48}},"loc":{"start":{"line":121,"column":62},"end":{"line":125,"column":3}},"line":121}},"branchMap":{"0":{"loc":{"start":{"line":20,"column":4},"end":{"line":22,"column":5}},"type":"if","locations":[{"start":{"line":20,"column":4},"end":{"line":22,"column":5}},{"start":{},"end":{}}],"line":20},"1":{"loc":{"start":{"line":93,"column":6},"end":{"line":98,"column":7}},"type":"if","locations":[{"start":{"line":93,"column":6},"end":{"line":98,"column":7}},{"start":{},"end":{}}],"line":93}},"s":{"0":0,"1":0,"2":0,"3":0,"4":0,"5":0,"6":0,"7":0,"8":0,"9":0,"10":0,"11":0,"12":0,"13":0,"14":0,"15":0,"16":0,"17":0,"18":0,"19":0,"20":0,"21":0,"22":0,"23":0,"24":0,"25":0,"26":0,"27":0,"28":0,"29":0,"30":0,"31":0,"32":0,"33":0,"34":0,"35":0,"36":0,"37":0,"38":0,"39":0,"40":0,"41":0,"42":0,"43":0,"44":0,"45":0,"46":0,"47":0,"48":0,"49":0},"f":{"0":0,"1":0,"2":0,"3":0,"4":0,"5":0,"6":0,"7":0,"8":0,"9":0,"10":0,"11":0},"b":{"0":[0,0],"1":[0,0]}}
,"/workspaces/cards/store/slices/createSettingSlice.ts": {"path":"/workspaces/cards/store/slices/createSettingSlice.ts","statementMap":{"0":{"start":{"line":12,"column":4},"end":{"line":29,"column":2}},"1":{"start":{"line":12,"column":19},"end":{"line":29,"column":1}},"2":{"start":{"line":16,"column":23},"end":{"line":16,"column":37}},"3":{"start":{"line":17,"column":39},"end":{"line":17,"column":61}},"4":{"start":{"line":20,"column":6},"end":{"line":20,"column":78}},"5":{"start":{"line":23,"column":6},"end":{"line":23,"column":78}},"6":{"start":{"line":26,"column":6},"end":{"line":26,"column":37}}},"fnMap":{"0":{"name":"(anonymous_0)","decl":{"start":{"line":12,"column":4},"end":{"line":12,"column":5}},"loc":{"start":{"line":12,"column":19},"end":{"line":29,"column":1}},"line":12},"1":{"name":"(anonymous_1)","decl":{"start":{"line":16,"column":12},"end":{"line":16,"column":13}},"loc":{"start":{"line":16,"column":23},"end":{"line":16,"column":37}},"line":16},"2":{"name":"(anonymous_2)","decl":{"start":{"line":17,"column":20},"end":{"line":17,"column":21}},"loc":{"start":{"line":17,"column":39},"end":{"line":17,"column":61}},"line":17},"3":{"name":"(anonymous_3)","decl":{"start":{"line":19,"column":4},"end":{"line":19,"column":5}},"loc":{"start":{"line":19,"column":17},"end":{"line":21,"column":5}},"line":19},"4":{"name":"(anonymous_4)","decl":{"start":{"line":22,"column":4},"end":{"line":22,"column":5}},"loc":{"start":{"line":22,"column":25},"end":{"line":24,"column":5}},"line":22},"5":{"name":"(anonymous_5)","decl":{"start":{"line":25,"column":4},"end":{"line":25,"column":5}},"loc":{"start":{"line":25,"column":23},"end":{"line":27,"column":5}},"line":25}},"branchMap":{"0":{"loc":{"start":{"line":20,"column":13},"end":{"line":20,"column":77}},"type":"cond-expr","locations":[{"start":{"line":20,"column":39},"end":{"line":20,"column":57}},{"start":{"line":20,"column":60},"end":{"line":20,"column":77}}],"line":20},"1":{"loc":{"start":{"line":23,"column":13},"end":{"line":23,"column":77}},"type":"cond-expr","locations":[{"start":{"line":23,"column":39},"end":{"line":23,"column":56}},{"start":{"line":23,"column":59},"end":{"line":23,"column":77}}],"line":23}},"s":{"0":0,"1":0,"2":0,"3":0,"4":0,"5":0,"6":0},"f":{"0":0,"1":0,"2":0,"3":0,"4":0,"5":0},"b":{"0":[0,0],"1":[0,0]}}
,"/workspaces/cards/store/slices/types.ts": {"path":"/workspaces/cards/store/slices/types.ts","statementMap":{},"fnMap":{},"branchMap":{},"s":{},"f":{},"b":{}}
,"/workspaces/cards/store/words/index.ts": {"path":"/workspaces/cards/store/words/index.ts","statementMap":{"0":{"start":{"line":29,"column":24},"end":{"line":55,"column":1}},"1":{"start":{"line":68,"column":22},"end":{"line":94,"column":1}},"2":{"start":{"line":96,"column":21},"end":{"line":99,"column":6}},"3":{"start":{"line":97,"column":2},"end":{"line":97,"column":26}},"4":{"start":{"line":98,"column":2},"end":{"line":98,"column":13}},"5":{"start":{"line":106,"column":31},"end":{"line":108,"column":1}},"6":{"start":{"line":107,"column":2},"end":{"line":107,"column":133}},"7":{"start":{"line":115,"column":33},"end":{"line":117,"column":1}},"8":{"start":{"line":116,"column":2},"end":{"line":116,"column":36}}},"fnMap":{"0":{"name":"(anonymous_0)","decl":{"start":{"line":96,"column":35},"end":{"line":96,"column":36}},"loc":{"start":{"line":96,"column":50},"end":{"line":99,"column":1}},"line":96},"1":{"name":"(anonymous_1)","decl":{"start":{"line":106,"column":31},"end":{"line":106,"column":32}},"loc":{"start":{"line":106,"column":58},"end":{"line":108,"column":1}},"line":106},"2":{"name":"(anonymous_2)","decl":{"start":{"line":115,"column":33},"end":{"line":115,"column":34}},"loc":{"start":{"line":115,"column":65},"end":{"line":117,"column":1}},"line":115}},"branchMap":{},"s":{"0":0,"1":0,"2":0,"3":0,"4":0,"5":0,"6":0,"7":0,"8":0},"f":{"0":0,"1":0,"2":0},"b":{}}
,"/workspaces/cards/store/words/words_1001_1100.ts": {"path":"/workspaces/cards/store/words/words_1001_1100.ts","statementMap":{"0":{"start":{"line":3,"column":44},"end":{"line":1004,"column":1}}},"fnMap":{},"branchMap":{},"s":{"0":0},"f":{},"b":{}}
,"/workspaces/cards/store/words/words_101_200.ts": {"path":"/workspaces/cards/store/words/words_101_200.ts","statementMap":{"0":{"start":{"line":3,"column":42},"end":{"line":1004,"column":1}}},"fnMap":{},"branchMap":{},"s":{"0":0},"f":{},"b":{}}
,"/workspaces/cards/store/words/words_1101_1200.ts": {"path":"/workspaces/cards/store/words/words_1101_1200.ts","statementMap":{"0":{"start":{"line":3,"column":44},"end":{"line":1004,"column":1}}},"fnMap":{},"branchMap":{},"s":{"0":0},"f":{},"b":{}}
,"/workspaces/cards/store/words/words_1201_1300.ts": {"path":"/workspaces/cards/store/words/words_1201_1300.ts","statementMap":{"0":{"start":{"line":3,"column":44},"end":{"line":1004,"column":1}}},"fnMap":{},"branchMap":{},"s":{"0":0},"f":{},"b":{}}
,"/workspaces/cards/store/words/words_1301_1400.ts": {"path":"/workspaces/cards/store/words/words_1301_1400.ts","statementMap":{"0":{"start":{"line":3,"column":44},"end":{"line":1004,"column":1}}},"fnMap":{},"branchMap":{},"s":{"0":0},"f":{},"b":{}}
,"/workspaces/cards/store/words/words_1401_1500.ts": {"path":"/workspaces/cards/store/words/words_1401_1500.ts","statementMap":{"0":{"start":{"line":3,"column":44},"end":{"line":1004,"column":1}}},"fnMap":{},"branchMap":{},"s":{"0":0},"f":{},"b":{}}
,"/workspaces/cards/store/words/words_1501_1600.ts": {"path":"/workspaces/cards/store/words/words_1501_1600.ts","statementMap":{"0":{"start":{"line":3,"column":44},"end":{"line":1004,"column":1}}},"fnMap":{},"branchMap":{},"s":{"0":0},"f":{},"b":{}}
,"/workspaces/cards/store/words/words_1601_1700.ts": {"path":"/workspaces/cards/store/words/words_1601_1700.ts","statementMap":{"0":{"start":{"line":3,"column":44},"end":{"line":1004,"column":1}}},"fnMap":{},"branchMap":{},"s":{"0":0},"f":{},"b":{}}
,"/workspaces/cards/store/words/words_1701_1800.ts": {"path":"/workspaces/cards/store/words/words_1701_1800.ts","statementMap":{"0":{"start":{"line":3,"column":44},"end":{"line":1004,"column":1}}},"fnMap":{},"branchMap":{},"s":{"0":0},"f":{},"b":{}}
,"/workspaces/cards/store/words/words_1801_1900.ts": {"path":"/workspaces/cards/store/words/words_1801_1900.ts","statementMap":{"0":{"start":{"line":3,"column":44},"end":{"line":1004,"column":1}}},"fnMap":{},"branchMap":{},"s":{"0":0},"f":{},"b":{}}
,"/workspaces/cards/store/words/words_1901_2000.ts": {"path":"/workspaces/cards/store/words/words_1901_2000.ts","statementMap":{"0":{"start":{"line":3,"column":44},"end":{"line":1004,"column":1}}},"fnMap":{},"branchMap":{},"s":{"0":0},"f":{},"b":{}}
,"/workspaces/cards/store/words/words_1_100.ts": {"path":"/workspaces/cards/store/words/words_1_100.ts","statementMap":{"0":{"start":{"line":3,"column":40},"end":{"line":1004,"column":1}}},"fnMap":{},"branchMap":{},"s":{"0":0},"f":{},"b":{}}
,"/workspaces/cards/store/words/words_2001_2100.ts": {"path":"/workspaces/cards/store/words/words_2001_2100.ts","statementMap":{"0":{"start":{"line":3,"column":44},"end":{"line":1357,"column":1}}},"fnMap":{},"branchMap":{},"s":{"0":0},"f":{},"b":{}}
,"/workspaces/cards/store/words/words_201_300.ts": {"path":"/workspaces/cards/store/words/words_201_300.ts","statementMap":{"0":{"start":{"line":3,"column":42},"end":{"line":1004,"column":1}}},"fnMap":{},"branchMap":{},"s":{"0":0},"f":{},"b":{}}
,"/workspaces/cards/store/words/words_2101_2200.ts": {"path":"/workspaces/cards/store/words/words_2101_2200.ts","statementMap":{"0":{"start":{"line":3,"column":44},"end":{"line":1355,"column":1}}},"fnMap":{},"branchMap":{},"s":{"0":0},"f":{},"b":{}}
,"/workspaces/cards/store/words/words_2201_2300.ts": {"path":"/workspaces/cards/store/words/words_2201_2300.ts","statementMap":{"0":{"start":{"line":3,"column":44},"end":{"line":1358,"column":1}}},"fnMap":{},"branchMap":{},"s":{"0":0},"f":{},"b":{}}
,"/workspaces/cards/store/words/words_2301_2400.ts": {"path":"/workspaces/cards/store/words/words_2301_2400.ts","statementMap":{"0":{"start":{"line":3,"column":44},"end":{"line":1330,"column":1}}},"fnMap":{},"branchMap":{},"s":{"0":0},"f":{},"b":{}}
,"/workspaces/cards/store/words/words_2401_2500.ts": {"path":"/workspaces/cards/store/words/words_2401_2500.ts","statementMap":{"0":{"start":{"line":3,"column":44},"end":{"line":1325,"column":1}}},"fnMap":{},"branchMap":{},"s":{"0":0},"f":{},"b":{}}
,"/workspaces/cards/store/words/words_301_400.ts": {"path":"/workspaces/cards/store/words/words_301_400.ts","statementMap":{"0":{"start":{"line":3,"column":42},"end":{"line":1004,"column":1}}},"fnMap":{},"branchMap":{},"s":{"0":0},"f":{},"b":{}}
,"/workspaces/cards/store/words/words_401_500.ts": {"path":"/workspaces/cards/store/words/words_401_500.ts","statementMap":{"0":{"start":{"line":3,"column":42},"end":{"line":1004,"column":1}}},"fnMap":{},"branchMap":{},"s":{"0":0},"f":{},"b":{}}
,"/workspaces/cards/store/words/words_501_600.ts": {"path":"/workspaces/cards/store/words/words_501_600.ts","statementMap":{"0":{"start":{"line":3,"column":42},"end":{"line":1004,"column":1}}},"fnMap":{},"branchMap":{},"s":{"0":0},"f":{},"b":{}}
,"/workspaces/cards/store/words/words_601_700.ts": {"path":"/workspaces/cards/store/words/words_601_700.ts","statementMap":{"0":{"start":{"line":3,"column":42},"end":{"line":1004,"column":1}}},"fnMap":{},"branchMap":{},"s":{"0":0},"f":{},"b":{}}
,"/workspaces/cards/store/words/words_701_800.ts": {"path":"/workspaces/cards/store/words/words_701_800.ts","statementMap":{"0":{"start":{"line":3,"column":42},"end":{"line":1004,"column":1}}},"fnMap":{},"branchMap":{},"s":{"0":0},"f":{},"b":{}}
,"/workspaces/cards/store/words/words_801_900.ts": {"path":"/workspaces/cards/store/words/words_801_900.ts","statementMap":{"0":{"start":{"line":3,"column":42},"end":{"line":1004,"column":1}}},"fnMap":{},"branchMap":{},"s":{"0":0},"f":{},"b":{}}
,"/workspaces/cards/store/words/words_901_1000.ts": {"path":"/workspaces/cards/store/words/words_901_1000.ts","statementMap":{"0":{"start":{"line":3,"column":43},"end":{"line":1004,"column":1}}},"fnMap":{},"branchMap":{},"s":{"0":0},"f":{},"b":{}}
,"/workspaces/cards/types/index.ts": {"path":"/workspaces/cards/types/index.ts","statementMap":{},"fnMap":{},"branchMap":{},"s":{},"f":{},"b":{}}
,"/workspaces/cards/utils/modifier.ts": {"path":"/workspaces/cards/utils/modifier.ts","statementMap":{"0":{"start":{"line":26,"column":2},"end":{"line":37,"column":4}},"1":{"start":{"line":42,"column":2},"end":{"line":42,"column":54}},"2":{"start":{"line":42,"column":31},"end":{"line":42,"column":52}}},"fnMap":{"0":{"name":"mapCardDbToCard","decl":{"start":{"line":25,"column":16},"end":{"line":25,"column":31}},"loc":{"start":{"line":25,"column":56},"end":{"line":38,"column":1}},"line":25},"1":{"name":"convertWordsDbToCards","decl":{"start":{"line":41,"column":16},"end":{"line":41,"column":37}},"loc":{"start":{"line":41,"column":67},"end":{"line":43,"column":1}},"line":41},"2":{"name":"(anonymous_2)","decl":{"start":{"line":42,"column":21},"end":{"line":42,"column":22}},"loc":{"start":{"line":42,"column":31},"end":{"line":42,"column":52}},"line":42}},"branchMap":{},"s":{"0":3,"1":1,"2":2},"f":{"0":3,"1":1,"2":2},"b":{},"_coverageSchema":"1a1c01bbd47fc00a2c39e90264f33305004495a9","hash":"a56d3b557b69c3186de8c4b684e36fae624480af"}
,"/workspaces/cards/utils/parser.tsx": {"path":"/workspaces/cards/utils/parser.tsx","statementMap":{"0":{"start":{"line":2,"column":16},"end":{"line":2,"column":41}},"1":{"start":{"line":3,"column":2},"end":{"line":3,"column":36}},"2":{"start":{"line":3,"column":26},"end":{"line":3,"column":36}},"3":{"start":{"line":5,"column":18},"end":{"line":5,"column":58}},"4":{"start":{"line":5,"column":49},"end":{"line":5,"column":57}},"5":{"start":{"line":7,"column":2},"end":{"line":18,"column":9}},"6":{"start":{"line":8,"column":4},"end":{"line":8,"column":33}},"7":{"start":{"line":8,"column":22},"end":{"line":8,"column":33}},"8":{"start":{"line":10,"column":19},"end":{"line":10,"column":55}},"9":{"start":{"line":10,"column":46},"end":{"line":10,"column":54}},"10":{"start":{"line":11,"column":16},"end":{"line":14,"column":10}},"11":{"start":{"line":12,"column":6},"end":{"line":12,"column":40}},"12":{"start":{"line":13,"column":6},"end":{"line":13,"column":17}},"13":{"start":{"line":16,"column":4},"end":{"line":16,"column":18}},"14":{"start":{"line":17,"column":4},"end":{"line":17,"column":15}},"15":{"start":{"line":25,"column":15},"end":{"line":25,"column":31}},"16":{"start":{"line":26,"column":40},"end":{"line":26,"column":42}},"17":{"start":{"line":28,"column":2},"end":{"line":31,"column":3}},"18":{"start":{"line":28,"column":15},"end":{"line":28,"column":16}},"19":{"start":{"line":29,"column":22},"end":{"line":29,"column":50}},"20":{"start":{"line":30,"column":4},"end":{"line":30,"column":77}},"21":{"start":{"line":30,"column":58},"end":{"line":30,"column":73}},"22":{"start":{"line":33,"column":2},"end":{"line":33,"column":16}},"23":{"start":{"line":39,"column":68},"end":{"line":39,"column":70}},"24":{"start":{"line":40,"column":11},"end":{"line":40,"column":12}},"25":{"start":{"line":41,"column":18},"end":{"line":41,"column":19}},"26":{"start":{"line":43,"column":16},"end":{"line":43,"column":26}},"27":{"start":{"line":46,"column":2},"end":{"line":64,"column":3}},"28":{"start":{"line":48,"column":4},"end":{"line":54,"column":5}},"29":{"start":{"line":49,"column":6},"end":{"line":53,"column":9}},"30":{"start":{"line":57,"column":4},"end":{"line":61,"column":7}},"31":{"start":{"line":63,"column":4},"end":{"line":63,"column":46}},"32":{"start":{"line":67,"column":2},"end":{"line":73,"column":3}},"33":{"start":{"line":68,"column":4},"end":{"line":72,"column":7}},"34":{"start":{"line":75,"column":2},"end":{"line":75,"column":15}}},"fnMap":{"0":{"name":"parseCSVToArray","decl":{"start":{"line":1,"column":16},"end":{"line":1,"column":31}},"loc":{"start":{"line":1,"column":71},"end":{"line":19,"column":1}},"line":1},"1":{"name":"(anonymous_1)","decl":{"start":{"line":5,"column":42},"end":{"line":5,"column":43}},"loc":{"start":{"line":5,"column":49},"end":{"line":5,"column":57}},"line":5},"2":{"name":"(anonymous_2)","decl":{"start":{"line":7,"column":57},"end":{"line":7,"column":58}},"loc":{"start":{"line":7,"column":72},"end":{"line":18,"column":3}},"line":7},"3":{"name":"(anonymous_3)","decl":{"start":{"line":10,"column":39},"end":{"line":10,"column":40}},"loc":{"start":{"line":10,"column":46},"end":{"line":10,"column":54}},"line":10},"4":{"name":"(anonymous_4)","decl":{"start":{"line":11,"column":55},"end":{"line":11,"column":56}},"loc":{"start":{"line":11,"column":79},"end":{"line":14,"column":5}},"line":11},"5":{"name":"chunkObject","decl":{"start":{"line":21,"column":16},"end":{"line":21,"column":27}},"loc":{"start":{"line":24,"column":25},"end":{"line":34,"column":1}},"line":24},"6":{"name":"(anonymous_6)","decl":{"start":{"line":30,"column":49},"end":{"line":30,"column":50}},"loc":{"start":{"line":30,"column":58},"end":{"line":30,"column":73}},"line":30},"7":{"name":"splitByParentheses","decl":{"start":{"line":36,"column":16},"end":{"line":36,"column":34}},"loc":{"start":{"line":38,"column":54},"end":{"line":76,"column":1}},"line":38}},"branchMap":{"0":{"loc":{"start":{"line":3,"column":2},"end":{"line":3,"column":36}},"type":"if","locations":[{"start":{"line":3,"column":2},"end":{"line":3,"column":36}},{"start":{},"end":{}}],"line":3},"1":{"loc":{"start":{"line":8,"column":4},"end":{"line":8,"column":33}},"type":"if","locations":[{"start":{"line":8,"column":4},"end":{"line":8,"column":33}},{"start":{},"end":{}}],"line":8},"2":{"loc":{"start":{"line":12,"column":20},"end":{"line":12,"column":39}},"type":"binary-expr","locations":[{"start":{"line":12,"column":20},"end":{"line":12,"column":33}},{"start":{"line":12,"column":37},"end":{"line":12,"column":39}}],"line":12},"3":{"loc":{"start":{"line":23,"column":2},"end":{"line":23,"column":25}},"type":"default-arg","locations":[{"start":{"line":23,"column":22},"end":{"line":23,"column":25}}],"line":23},"4":{"loc":{"start":{"line":48,"column":4},"end":{"line":54,"column":5}},"type":"if","locations":[{"start":{"line":48,"column":4},"end":{"line":54,"column":5}},{"start":{},"end":{}}],"line":48},"5":{"loc":{"start":{"line":67,"column":2},"end":{"line":73,"column":3}},"type":"if","locations":[{"start":{"line":67,"column":2},"end":{"line":73,"column":3}},{"start":{},"end":{}}],"line":67}},"s":{"0":1,"1":1,"2":0,"3":1,"4":3,"5":1,"6":2,"7":0,"8":2,"9":6,"10":2,"11":6,"12":6,"13":2,"14":2,"15":1,"16":1,"17":1,"18":1,"19":3,"20":3,"21":5,"22":1,"23":2,"24":2,"25":2,"26":2,"27":2,"28":4,"29":4,"30":4,"31":4,"32":2,"33":1,"34":2},"f":{"0":1,"1":3,"2":2,"3":6,"4":6,"5":1,"6":5,"7":2},"b":{"0":[0,1],"1":[0,2],"2":[6,0],"3":[0],"4":[4,0],"5":[1,1]},"_coverageSchema":"1a1c01bbd47fc00a2c39e90264f33305004495a9","hash":"d369558771f7c338e8983892099be9751b0c6b24"}
}
